Analysis & Elaboration report for Graphic_controller
Tue Nov 19 17:37:45 2019
Quartus Prime Version 18.1.0 Build 625 09/12/2018 SJ Lite Edition


---------------------
; Table of Contents ;
---------------------
  1. Legal Notice
  2. Analysis & Elaboration Summary
  3. Parallel Compilation
  4. Parameter Settings for User Entity Instance: Top-level Entity: |ImageComposer_tb
  5. Parameter Settings for User Entity Instance: ImageComposer:DUT
  6. Analysis & Elaboration Settings
  7. Port Connectivity Checks: "ImageComposer:DUT|ImageComposer_aux:comb_8"
  8. Port Connectivity Checks: "ImageComposer:DUT|ImageComposer_aux:comb_7"
  9. Port Connectivity Checks: "ImageComposer:DUT"
 10. Analysis & Elaboration Messages



----------------
; Legal Notice ;
----------------
Copyright (C) 2018  Intel Corporation. All rights reserved.
Your use of Intel Corporation's design tools, logic functions 
and other software and tools, and its AMPP partner logic 
functions, and any output files from any of the foregoing 
(including device programming or simulation files), and any 
associated documentation or information are expressly subject 
to the terms and conditions of the Intel Program License 
Subscription Agreement, the Intel Quartus Prime License Agreement,
the Intel FPGA IP License Agreement, or other applicable license
agreement, including, without limitation, that your use is for
the sole purpose of programming logic devices manufactured by
Intel and sold by Intel or its authorized distributors.  Please
refer to the applicable agreement for further details.



+-----------------------------------------------------------------------------+
; Analysis & Elaboration Summary                                              ;
+-------------------------------+---------------------------------------------+
; Analysis & Elaboration Status ; Successful - Tue Nov 19 17:37:45 2019       ;
; Quartus Prime Version         ; 18.1.0 Build 625 09/12/2018 SJ Lite Edition ;
; Revision Name                 ; Graphic_controller                          ;
; Top-level Entity Name         ; ImageComposer_tb                            ;
; Family                        ; Cyclone V                                   ;
; Logic utilization (in ALMs)   ; N/A until Partition Merge                   ;
; Total registers               ; N/A until Partition Merge                   ;
; Total pins                    ; N/A until Partition Merge                   ;
; Total virtual pins            ; N/A until Partition Merge                   ;
; Total block memory bits       ; N/A until Partition Merge                   ;
; Total PLLs                    ; N/A until Partition Merge                   ;
; Total DLLs                    ; N/A until Partition Merge                   ;
+-------------------------------+---------------------------------------------+


+------------------------------------------+
; Parallel Compilation                     ;
+----------------------------+-------------+
; Processors                 ; Number      ;
+----------------------------+-------------+
; Number detected on machine ; 8           ;
; Maximum allowed            ; 4           ;
;                            ;             ;
; Average used               ; 1.00        ;
; Maximum used               ; 1           ;
;                            ;             ;
; Usage by Processor         ; % Time Used ;
;     Processor 1            ; 100.0%      ;
+----------------------------+-------------+


+----------------------------------------------------------------------------------+
; Parameter Settings for User Entity Instance: Top-level Entity: |ImageComposer_tb ;
+----------------+-------+---------------------------------------------------------+
; Parameter Name ; Value ; Type                                                    ;
+----------------+-------+---------------------------------------------------------+
; N              ; 3     ; Signed Integer                                          ;
+----------------+-------+---------------------------------------------------------+
Note: In order to hide this table in the UI and the text report file, please set the "Show Parameter Settings in Synthesis Report" option in "Analysis and Synthesis Settings -> More Settings" to "Off".


+----------------------------------------------------------------+
; Parameter Settings for User Entity Instance: ImageComposer:DUT ;
+----------------+-------+---------------------------------------+
; Parameter Name ; Value ; Type                                  ;
+----------------+-------+---------------------------------------+
; N              ; 3     ; Signed Integer                        ;
+----------------+-------+---------------------------------------+
Note: In order to hide this table in the UI and the text report file, please set the "Show Parameter Settings in Synthesis Report" option in "Analysis and Synthesis Settings -> More Settings" to "Off".


+---------------------------------------------------------------------------------------------------------------------------+
; Analysis & Elaboration Settings                                                                                           ;
+---------------------------------------------------------------------------------+--------------------+--------------------+
; Option                                                                          ; Setting            ; Default Value      ;
+---------------------------------------------------------------------------------+--------------------+--------------------+
; Device                                                                          ; 5CSEMA5F31C6       ;                    ;
; Top-level entity name                                                           ; ImageComposer_tb   ; Graphic_controller ;
; Family name                                                                     ; Cyclone V          ; Cyclone V          ;
; Use smart compilation                                                           ; Off                ; Off                ;
; Enable parallel Assembler and Timing Analyzer during compilation                ; On                 ; On                 ;
; Enable compact report table                                                     ; Off                ; Off                ;
; Restructure Multiplexers                                                        ; Auto               ; Auto               ;
; MLAB Add Timing Constraints For Mixed-Port Feed-Through Mode Setting Don't Care ; Off                ; Off                ;
; Create Debugging Nodes for IP Cores                                             ; Off                ; Off                ;
; Preserve fewer node names                                                       ; On                 ; On                 ;
; Intel FPGA IP Evaluation Mode                                                   ; Enable             ; Enable             ;
; Verilog Version                                                                 ; Verilog_2001       ; Verilog_2001       ;
; VHDL Version                                                                    ; VHDL_1993          ; VHDL_1993          ;
; State Machine Processing                                                        ; Auto               ; Auto               ;
; Safe State Machine                                                              ; Off                ; Off                ;
; Extract Verilog State Machines                                                  ; On                 ; On                 ;
; Extract VHDL State Machines                                                     ; On                 ; On                 ;
; Ignore Verilog initial constructs                                               ; Off                ; Off                ;
; Iteration limit for constant Verilog loops                                      ; 5000               ; 5000               ;
; Iteration limit for non-constant Verilog loops                                  ; 250                ; 250                ;
; Add Pass-Through Logic to Inferred RAMs                                         ; On                 ; On                 ;
; Infer RAMs from Raw Logic                                                       ; On                 ; On                 ;
; Parallel Synthesis                                                              ; On                 ; On                 ;
; DSP Block Balancing                                                             ; Auto               ; Auto               ;
; NOT Gate Push-Back                                                              ; On                 ; On                 ;
; Power-Up Don't Care                                                             ; On                 ; On                 ;
; Remove Redundant Logic Cells                                                    ; Off                ; Off                ;
; Remove Duplicate Registers                                                      ; On                 ; On                 ;
; Ignore CARRY Buffers                                                            ; Off                ; Off                ;
; Ignore CASCADE Buffers                                                          ; Off                ; Off                ;
; Ignore GLOBAL Buffers                                                           ; Off                ; Off                ;
; Ignore ROW GLOBAL Buffers                                                       ; Off                ; Off                ;
; Ignore LCELL Buffers                                                            ; Off                ; Off                ;
; Ignore SOFT Buffers                                                             ; On                 ; On                 ;
; Limit AHDL Integers to 32 Bits                                                  ; Off                ; Off                ;
; Optimization Technique                                                          ; Balanced           ; Balanced           ;
; Carry Chain Length                                                              ; 70                 ; 70                 ;
; Auto Carry Chains                                                               ; On                 ; On                 ;
; Auto Open-Drain Pins                                                            ; On                 ; On                 ;
; Perform WYSIWYG Primitive Resynthesis                                           ; Off                ; Off                ;
; Auto ROM Replacement                                                            ; On                 ; On                 ;
; Auto RAM Replacement                                                            ; On                 ; On                 ;
; Auto DSP Block Replacement                                                      ; On                 ; On                 ;
; Auto Shift Register Replacement                                                 ; Auto               ; Auto               ;
; Allow Shift Register Merging across Hierarchies                                 ; Auto               ; Auto               ;
; Auto Clock Enable Replacement                                                   ; On                 ; On                 ;
; Strict RAM Replacement                                                          ; Off                ; Off                ;
; Allow Synchronous Control Signals                                               ; On                 ; On                 ;
; Force Use of Synchronous Clear Signals                                          ; Off                ; Off                ;
; Auto Resource Sharing                                                           ; Off                ; Off                ;
; Allow Any RAM Size For Recognition                                              ; Off                ; Off                ;
; Allow Any ROM Size For Recognition                                              ; Off                ; Off                ;
; Allow Any Shift Register Size For Recognition                                   ; Off                ; Off                ;
; Use LogicLock Constraints during Resource Balancing                             ; On                 ; On                 ;
; Ignore translate_off and synthesis_off directives                               ; Off                ; Off                ;
; Timing-Driven Synthesis                                                         ; On                 ; On                 ;
; Report Parameter Settings                                                       ; On                 ; On                 ;
; Report Source Assignments                                                       ; On                 ; On                 ;
; Report Connectivity Checks                                                      ; On                 ; On                 ;
; Ignore Maximum Fan-Out Assignments                                              ; Off                ; Off                ;
; Synchronization Register Chain Length                                           ; 3                  ; 3                  ;
; Power Optimization During Synthesis                                             ; Normal compilation ; Normal compilation ;
; HDL message level                                                               ; Level2             ; Level2             ;
; Suppress Register Optimization Related Messages                                 ; Off                ; Off                ;
; Number of Removed Registers Reported in Synthesis Report                        ; 5000               ; 5000               ;
; Number of Swept Nodes Reported in Synthesis Report                              ; 5000               ; 5000               ;
; Number of Inverted Registers Reported in Synthesis Report                       ; 100                ; 100                ;
; Clock MUX Protection                                                            ; On                 ; On                 ;
; Auto Gated Clock Conversion                                                     ; Off                ; Off                ;
; Block Design Naming                                                             ; Auto               ; Auto               ;
; SDC constraint protection                                                       ; Off                ; Off                ;
; Synthesis Effort                                                                ; Auto               ; Auto               ;
; Shift Register Replacement - Allow Asynchronous Clear Signal                    ; On                 ; On                 ;
; Pre-Mapping Resynthesis Optimization                                            ; Off                ; Off                ;
; Analysis & Synthesis Message Level                                              ; Medium             ; Medium             ;
; Disable Register Merging Across Hierarchies                                     ; Auto               ; Auto               ;
; Resource Aware Inference For Block RAM                                          ; On                 ; On                 ;
; Automatic Parallel Synthesis                                                    ; On                 ; On                 ;
; Partial Reconfiguration Bitstream ID                                            ; Off                ; Off                ;
+---------------------------------------------------------------------------------+--------------------+--------------------+


+-------------------------------------------------------------------------------------------------------------------------------------------------------------------------------------+
; Port Connectivity Checks: "ImageComposer:DUT|ImageComposer_aux:comb_8"                                                                                                              ;
+-------------+--------+----------+---------------------------------------------------------------------------------------------------------------------------------------------------+
; Port        ; Type   ; Severity ; Details                                                                                                                                           ;
+-------------+--------+----------+---------------------------------------------------------------------------------------------------------------------------------------------------+
; RGB_1_i     ; Input  ; Warning  ; Input port expression (3 bits) is smaller than the input port (24 bits) it drives.  Extra input bit(s) "RGB_1_i[23..3]" will be connected to GND. ;
; RGB_2_i     ; Input  ; Warning  ; Input port expression (3 bits) is smaller than the input port (24 bits) it drives.  Extra input bit(s) "RGB_2_i[23..3]" will be connected to GND. ;
; RGB_o       ; Output ; Warning  ; Output or bidir port (24 bits) is wider than the port expression (3 bits) it drives; bit(s) "RGB_o[23..3]" have no fanouts                        ;
; RGB_o[2..1] ; Output ; Info     ; Connected to dangling logic. Logic that only feeds a dangling port will be removed.                                                               ;
+-------------+--------+----------+---------------------------------------------------------------------------------------------------------------------------------------------------+


+---------------------------------------------------------------------------------------------------------------------------------------------------------------------------------+
; Port Connectivity Checks: "ImageComposer:DUT|ImageComposer_aux:comb_7"                                                                                                          ;
+---------+--------+----------+---------------------------------------------------------------------------------------------------------------------------------------------------+
; Port    ; Type   ; Severity ; Details                                                                                                                                           ;
+---------+--------+----------+---------------------------------------------------------------------------------------------------------------------------------------------------+
; RGB_1_i ; Input  ; Warning  ; Input port expression (3 bits) is smaller than the input port (24 bits) it drives.  Extra input bit(s) "RGB_1_i[23..3]" will be connected to GND. ;
; RGB_2_i ; Input  ; Warning  ; Input port expression (3 bits) is smaller than the input port (24 bits) it drives.  Extra input bit(s) "RGB_2_i[23..3]" will be connected to GND. ;
; RGB_o   ; Output ; Warning  ; Output or bidir port (24 bits) is wider than the port expression (3 bits) it drives; bit(s) "RGB_o[23..3]" have no fanouts                        ;
+---------+--------+----------+---------------------------------------------------------------------------------------------------------------------------------------------------+


+-----------------------------------------------------------------------------------------------------------------+
; Port Connectivity Checks: "ImageComposer:DUT"                                                                   ;
+-------+--------+----------+-------------------------------------------------------------------------------------+
; Port  ; Type   ; Severity ; Details                                                                             ;
+-------+--------+----------+-------------------------------------------------------------------------------------+
; RGB_i ; Input  ; Info     ; Stuck at GND                                                                        ;
; RGB_o ; Output ; Info     ; Connected to dangling logic. Logic that only feeds a dangling port will be removed. ;
+-------+--------+----------+-------------------------------------------------------------------------------------+


+---------------------------------+
; Analysis & Elaboration Messages ;
+---------------------------------+
Info: *******************************************************************
Info: Running Quartus Prime Analysis & Elaboration
    Info: Version 18.1.0 Build 625 09/12/2018 SJ Lite Edition
    Info: Processing started: Tue Nov 19 17:37:33 2019
Info: Command: quartus_map --read_settings_files=on --write_settings_files=off Graphic_controller -c Graphic_controller --analysis_and_elaboration
Warning (18236): Number of processors has not been specified which may cause overloading on shared machines.  Set the global assignment NUM_PARALLEL_PROCESSORS in your QSF to an appropriate value for best performance.
Info (20030): Parallel compilation is enabled and will use 4 of the 4 processors detected
Info (12021): Found 1 design units, including 1 entities, in source file MemoryManager.sv
    Info (12023): Found entity 1: MemoryManager File: /home/gsegura/Documents/taller/proyecto/proyecto/Graphic_controller/MemoryManager.sv Line: 1
Info (12021): Found 1 design units, including 1 entities, in source file Graphic_controller.sv
    Info (12023): Found entity 1: Graphic_controller File: /home/gsegura/Documents/taller/proyecto/proyecto/Graphic_controller/Graphic_controller.sv Line: 1
Info (12021): Found 1 design units, including 1 entities, in source file MemoryManager_tb.sv
    Info (12023): Found entity 1: MemoryManager_tb File: /home/gsegura/Documents/taller/proyecto/proyecto/Graphic_controller/MemoryManager_tb.sv Line: 1
Info (12021): Found 1 design units, including 1 entities, in source file TankController.sv
    Info (12023): Found entity 1: TankController File: /home/gsegura/Documents/taller/proyecto/proyecto/Graphic_controller/TankController.sv Line: 1
Info (12021): Found 1 design units, including 1 entities, in source file mem_tanque1.v
    Info (12023): Found entity 1: mem_tanque1 File: /home/gsegura/Documents/taller/proyecto/proyecto/Graphic_controller/mem_tanque1.v Line: 39
Info (12021): Found 1 design units, including 1 entities, in source file SpriteController.sv
    Info (12023): Found entity 1: SpriteController File: /home/gsegura/Documents/taller/proyecto/proyecto/Graphic_controller/SpriteController.sv Line: 1
Info (12021): Found 1 design units, including 1 entities, in source file ImageComposer.sv
    Info (12023): Found entity 1: ImageComposer File: /home/gsegura/Documents/taller/proyecto/proyecto/Graphic_controller/ImageComposer.sv Line: 1
Info (12021): Found 1 design units, including 1 entities, in source file ImageComposer_aux.sv
    Info (12023): Found entity 1: ImageComposer_aux File: /home/gsegura/Documents/taller/proyecto/proyecto/Graphic_controller/ImageComposer_aux.sv Line: 1
Warning (10229): Verilog HDL Expression warning at ImageComposer_aux_tb.sv(6): truncated literal to match 24 bits File: /home/gsegura/Documents/taller/proyecto/proyecto/Graphic_controller/ImageComposer_aux_tb.sv Line: 6
Warning (10229): Verilog HDL Expression warning at ImageComposer_aux_tb.sv(13): truncated literal to match 24 bits File: /home/gsegura/Documents/taller/proyecto/proyecto/Graphic_controller/ImageComposer_aux_tb.sv Line: 13
Warning (10229): Verilog HDL Expression warning at ImageComposer_aux_tb.sv(15): truncated literal to match 24 bits File: /home/gsegura/Documents/taller/proyecto/proyecto/Graphic_controller/ImageComposer_aux_tb.sv Line: 15
Warning (10229): Verilog HDL Expression warning at ImageComposer_aux_tb.sv(16): truncated literal to match 24 bits File: /home/gsegura/Documents/taller/proyecto/proyecto/Graphic_controller/ImageComposer_aux_tb.sv Line: 16
Info (12021): Found 1 design units, including 1 entities, in source file ImageComposer_aux_tb.sv
    Info (12023): Found entity 1: ImageComposer_aux_tb File: /home/gsegura/Documents/taller/proyecto/proyecto/Graphic_controller/ImageComposer_aux_tb.sv Line: 1
Warning (10229): Verilog HDL Expression warning at ImageComposer_tb.sv(8): truncated literal to match 24 bits File: /home/gsegura/Documents/taller/proyecto/proyecto/Graphic_controller/ImageComposer_tb.sv Line: 8
Warning (10229): Verilog HDL Expression warning at ImageComposer_tb.sv(12): truncated literal to match 24 bits File: /home/gsegura/Documents/taller/proyecto/proyecto/Graphic_controller/ImageComposer_tb.sv Line: 12
Warning (10229): Verilog HDL Expression warning at ImageComposer_tb.sv(13): truncated literal to match 24 bits File: /home/gsegura/Documents/taller/proyecto/proyecto/Graphic_controller/ImageComposer_tb.sv Line: 13
Warning (10229): Verilog HDL Expression warning at ImageComposer_tb.sv(16): truncated literal to match 24 bits File: /home/gsegura/Documents/taller/proyecto/proyecto/Graphic_controller/ImageComposer_tb.sv Line: 16
Warning (10229): Verilog HDL Expression warning at ImageComposer_tb.sv(17): truncated literal to match 24 bits File: /home/gsegura/Documents/taller/proyecto/proyecto/Graphic_controller/ImageComposer_tb.sv Line: 17
Warning (10229): Verilog HDL Expression warning at ImageComposer_tb.sv(18): truncated literal to match 24 bits File: /home/gsegura/Documents/taller/proyecto/proyecto/Graphic_controller/ImageComposer_tb.sv Line: 18
Warning (10229): Verilog HDL Expression warning at ImageComposer_tb.sv(22): truncated literal to match 24 bits File: /home/gsegura/Documents/taller/proyecto/proyecto/Graphic_controller/ImageComposer_tb.sv Line: 22
Warning (10229): Verilog HDL Expression warning at ImageComposer_tb.sv(25): truncated literal to match 24 bits File: /home/gsegura/Documents/taller/proyecto/proyecto/Graphic_controller/ImageComposer_tb.sv Line: 25
Warning (10229): Verilog HDL Expression warning at ImageComposer_tb.sv(26): truncated literal to match 24 bits File: /home/gsegura/Documents/taller/proyecto/proyecto/Graphic_controller/ImageComposer_tb.sv Line: 26
Info (12021): Found 1 design units, including 1 entities, in source file ImageComposer_tb.sv
    Info (12023): Found entity 1: ImageComposer_tb File: /home/gsegura/Documents/taller/proyecto/proyecto/Graphic_controller/ImageComposer_tb.sv Line: 1
Critical Warning (10846): Verilog HDL Instantiation warning at ImageComposer.sv(15): instance has no name File: /home/gsegura/Documents/taller/proyecto/proyecto/Graphic_controller/ImageComposer.sv Line: 15
Info (12127): Elaborating entity "ImageComposer_tb" for the top level hierarchy
Warning (10230): Verilog HDL assignment warning at ImageComposer_tb.sv(8): truncated value with size 24 to match size of target (3) File: /home/gsegura/Documents/taller/proyecto/proyecto/Graphic_controller/ImageComposer_tb.sv Line: 8
Warning (10230): Verilog HDL assignment warning at ImageComposer_tb.sv(9): truncated value with size 24 to match size of target (3) File: /home/gsegura/Documents/taller/proyecto/proyecto/Graphic_controller/ImageComposer_tb.sv Line: 9
Warning (10230): Verilog HDL assignment warning at ImageComposer_tb.sv(10): truncated value with size 24 to match size of target (3) File: /home/gsegura/Documents/taller/proyecto/proyecto/Graphic_controller/ImageComposer_tb.sv Line: 10
Warning (10230): Verilog HDL assignment warning at ImageComposer_tb.sv(12): truncated value with size 24 to match size of target (3) File: /home/gsegura/Documents/taller/proyecto/proyecto/Graphic_controller/ImageComposer_tb.sv Line: 12
Warning (10230): Verilog HDL assignment warning at ImageComposer_tb.sv(13): truncated value with size 24 to match size of target (3) File: /home/gsegura/Documents/taller/proyecto/proyecto/Graphic_controller/ImageComposer_tb.sv Line: 13
Warning (10230): Verilog HDL assignment warning at ImageComposer_tb.sv(14): truncated value with size 24 to match size of target (3) File: /home/gsegura/Documents/taller/proyecto/proyecto/Graphic_controller/ImageComposer_tb.sv Line: 14
Warning (10230): Verilog HDL assignment warning at ImageComposer_tb.sv(16): truncated value with size 24 to match size of target (3) File: /home/gsegura/Documents/taller/proyecto/proyecto/Graphic_controller/ImageComposer_tb.sv Line: 16
Warning (10230): Verilog HDL assignment warning at ImageComposer_tb.sv(17): truncated value with size 24 to match size of target (3) File: /home/gsegura/Documents/taller/proyecto/proyecto/Graphic_controller/ImageComposer_tb.sv Line: 17
Warning (10230): Verilog HDL assignment warning at ImageComposer_tb.sv(18): truncated value with size 24 to match size of target (3) File: /home/gsegura/Documents/taller/proyecto/proyecto/Graphic_controller/ImageComposer_tb.sv Line: 18
Warning (10230): Verilog HDL assignment warning at ImageComposer_tb.sv(20): truncated value with size 24 to match size of target (3) File: /home/gsegura/Documents/taller/proyecto/proyecto/Graphic_controller/ImageComposer_tb.sv Line: 20
Warning (10230): Verilog HDL assignment warning at ImageComposer_tb.sv(21): truncated value with size 24 to match size of target (3) File: /home/gsegura/Documents/taller/proyecto/proyecto/Graphic_controller/ImageComposer_tb.sv Line: 21
Warning (10230): Verilog HDL assignment warning at ImageComposer_tb.sv(22): truncated value with size 24 to match size of target (3) File: /home/gsegura/Documents/taller/proyecto/proyecto/Graphic_controller/ImageComposer_tb.sv Line: 22
Warning (10230): Verilog HDL assignment warning at ImageComposer_tb.sv(24): truncated value with size 24 to match size of target (3) File: /home/gsegura/Documents/taller/proyecto/proyecto/Graphic_controller/ImageComposer_tb.sv Line: 24
Warning (10230): Verilog HDL assignment warning at ImageComposer_tb.sv(25): truncated value with size 24 to match size of target (3) File: /home/gsegura/Documents/taller/proyecto/proyecto/Graphic_controller/ImageComposer_tb.sv Line: 25
Warning (10230): Verilog HDL assignment warning at ImageComposer_tb.sv(26): truncated value with size 24 to match size of target (3) File: /home/gsegura/Documents/taller/proyecto/proyecto/Graphic_controller/ImageComposer_tb.sv Line: 26
Warning (10230): Verilog HDL assignment warning at ImageComposer_tb.sv(28): truncated value with size 24 to match size of target (3) File: /home/gsegura/Documents/taller/proyecto/proyecto/Graphic_controller/ImageComposer_tb.sv Line: 28
Warning (10230): Verilog HDL assignment warning at ImageComposer_tb.sv(29): truncated value with size 24 to match size of target (3) File: /home/gsegura/Documents/taller/proyecto/proyecto/Graphic_controller/ImageComposer_tb.sv Line: 29
Warning (10230): Verilog HDL assignment warning at ImageComposer_tb.sv(30): truncated value with size 24 to match size of target (3) File: /home/gsegura/Documents/taller/proyecto/proyecto/Graphic_controller/ImageComposer_tb.sv Line: 30
Warning (10855): Verilog HDL warning at ImageComposer_tb.sv(7): initial value for variable RGB_i should be constant File: /home/gsegura/Documents/taller/proyecto/proyecto/Graphic_controller/ImageComposer_tb.sv Line: 7
Warning (10030): Net "RGB_i" at ImageComposer_tb.sv(3) has no driver or initial value, using a default initial value '0' File: /home/gsegura/Documents/taller/proyecto/proyecto/Graphic_controller/ImageComposer_tb.sv Line: 3
Info (12128): Elaborating entity "ImageComposer" for hierarchy "ImageComposer:DUT" File: /home/gsegura/Documents/taller/proyecto/proyecto/Graphic_controller/ImageComposer_tb.sv Line: 5
Warning (10230): Verilog HDL assignment warning at ImageComposer.sv(10): truncated value with size 3 to match size of target (1) File: /home/gsegura/Documents/taller/proyecto/proyecto/Graphic_controller/ImageComposer.sv Line: 10
Warning (10034): Output port "RGB_o[23..1]" at ImageComposer.sv(3) has no driver File: /home/gsegura/Documents/taller/proyecto/proyecto/Graphic_controller/ImageComposer.sv Line: 3
Info (12128): Elaborating entity "ImageComposer_aux" for hierarchy "ImageComposer:DUT|ImageComposer_aux:comb_7" File: /home/gsegura/Documents/taller/proyecto/proyecto/Graphic_controller/ImageComposer.sv Line: 15
Warning (12241): 2 hierarchies have connectivity warnings - see the Connectivity Checks report folder
Info: Quartus Prime Analysis & Elaboration was successful. 0 errors, 38 warnings
    Info: Peak virtual memory: 1240 megabytes
    Info: Processing ended: Tue Nov 19 17:37:45 2019
    Info: Elapsed time: 00:00:12
    Info: Total CPU time (on all processors): 00:00:27


