Flow report for Graphic_controller
Thu Nov 21 15:51:26 2019
Quartus Prime Version 18.1.0 Build 625 09/12/2018 SJ Lite Edition


---------------------
; Table of Contents ;
---------------------
  1. Legal Notice
  2. Flow Summary
  3. Flow Settings
  4. Flow Non-Default Global Settings
  5. Flow Elapsed Time
  6. Flow OS Summary
  7. Flow Log
  8. Flow Messages
  9. Flow Suppressed Messages



----------------
; Legal Notice ;
----------------
Copyright (C) 2018  Intel Corporation. All rights reserved.
Your use of Intel Corporation's design tools, logic functions 
and other software and tools, and its AMPP partner logic 
functions, and any output files from any of the foregoing 
(including device programming or simulation files), and any 
associated documentation or information are expressly subject 
to the terms and conditions of the Intel Program License 
Subscription Agreement, the Intel Quartus Prime License Agreement,
the Intel FPGA IP License Agreement, or other applicable license
agreement, including, without limitation, that your use is for
the sole purpose of programming logic devices manufactured by
Intel and sold by Intel or its authorized distributors.  Please
refer to the applicable agreement for further details.



+-------------------------------------------------------------------------------+
; Flow Summary                                                                  ;
+---------------------------------+---------------------------------------------+
; Flow Status                     ; Successful - Thu Nov 21 15:51:26 2019       ;
; Quartus Prime Version           ; 18.1.0 Build 625 09/12/2018 SJ Lite Edition ;
; Revision Name                   ; Graphic_controller                          ;
; Top-level Entity Name           ; Graphic_controller                          ;
; Family                          ; Cyclone V                                   ;
; Device                          ; 5CSEMA5F31C6                                ;
; Timing Models                   ; Final                                       ;
; Logic utilization (in ALMs)     ; 369 / 32,070 ( 1 % )                        ;
; Total registers                 ; 179                                         ;
; Total pins                      ; 42 / 457 ( 9 % )                            ;
; Total virtual pins              ; 0                                           ;
; Total block memory bits         ; 3,194,880 / 4,065,280 ( 79 % )              ;
; Total DSP Blocks                ; 0 / 87 ( 0 % )                              ;
; Total HSSI RX PCSs              ; 0                                           ;
; Total HSSI PMA RX Deserializers ; 0                                           ;
; Total HSSI TX PCSs              ; 0                                           ;
; Total HSSI PMA TX Serializers   ; 0                                           ;
; Total PLLs                      ; 0 / 6 ( 0 % )                               ;
; Total DLLs                      ; 0 / 4 ( 0 % )                               ;
+---------------------------------+---------------------------------------------+


+-----------------------------------------+
; Flow Settings                           ;
+-------------------+---------------------+
; Option            ; Setting             ;
+-------------------+---------------------+
; Start date & time ; 11/21/2019 15:49:20 ;
; Main task         ; Compilation         ;
; Revision Name     ; Graphic_controller  ;
+-------------------+---------------------+


+-----------------------------------------------------------------------------------------------------------------------------+
; Flow Non-Default Global Settings                                                                                            ;
+-------------------------------------+----------------------------------------+---------------+-------------+----------------+
; Assignment Name                     ; Value                                  ; Default Value ; Entity Name ; Section Id     ;
+-------------------------------------+----------------------------------------+---------------+-------------+----------------+
; COMPILER_SIGNATURE_ID               ; 258015079598683.157437296059026        ; --            ; --          ; --             ;
; EDA_OUTPUT_DATA_FORMAT              ; Systemverilog Hdl                      ; --            ; --          ; eda_simulation ;
; EDA_SIMULATION_TOOL                 ; ModelSim-Altera (SystemVerilog)        ; <None>        ; --          ; --             ;
; EDA_TIME_SCALE                      ; 1 ps                                   ; --            ; --          ; eda_simulation ;
; MAX_CORE_JUNCTION_TEMP              ; 85                                     ; --            ; --          ; --             ;
; MIN_CORE_JUNCTION_TEMP              ; 0                                      ; --            ; --          ; --             ;
; MISC_FILE                           ; mem_score_bb.v                         ; --            ; --          ; --             ;
; MISC_FILE                           ; mem_floor_bb.v                         ; --            ; --          ; --             ;
; MISC_FILE                           ; mem_floor_syn.v                        ; --            ; --          ; --             ;
; MISC_FILE                           ; mem_tank1_bb.v                         ; --            ; --          ; --             ;
; MISC_FILE                           ; mem_tank1_syn.v                        ; --            ; --          ; --             ;
; MISC_FILE                           ; mem_tank2_bb.v                         ; --            ; --          ; --             ;
; MISC_FILE                           ; mem_tank2_syn.v                        ; --            ; --          ; --             ;
; PARTITION_COLOR                     ; -- (Not supported for targeted family) ; --            ; --          ; Top            ;
; PARTITION_COLOR                     ; -- (Not supported for targeted family) ; --            ; TecTacToe   ; Top            ;
; PARTITION_COLOR                     ; -- (Not supported for targeted family) ; --            ; VGA_MODULE  ; Top            ;
; PARTITION_FITTER_PRESERVATION_LEVEL ; -- (Not supported for targeted family) ; --            ; --          ; Top            ;
; PARTITION_FITTER_PRESERVATION_LEVEL ; -- (Not supported for targeted family) ; --            ; TecTacToe   ; Top            ;
; PARTITION_FITTER_PRESERVATION_LEVEL ; -- (Not supported for targeted family) ; --            ; VGA_MODULE  ; Top            ;
; PARTITION_NETLIST_TYPE              ; -- (Not supported for targeted family) ; --            ; --          ; Top            ;
; PARTITION_NETLIST_TYPE              ; -- (Not supported for targeted family) ; --            ; TecTacToe   ; Top            ;
; PARTITION_NETLIST_TYPE              ; -- (Not supported for targeted family) ; --            ; VGA_MODULE  ; Top            ;
; POWER_BOARD_THERMAL_MODEL           ; None (CONSERVATIVE)                    ; --            ; --          ; --             ;
; POWER_PRESET_COOLING_SOLUTION       ; 23 MM HEAT SINK WITH 200 LFPM AIRFLOW  ; --            ; --          ; --             ;
; PROJECT_OUTPUT_DIRECTORY            ; output_files                           ; --            ; --          ; --             ;
; SEARCH_PATH                         ; .                                      ; --            ; --          ; --             ;
+-------------------------------------+----------------------------------------+---------------+-------------+----------------+


+--------------------------------------------------------------------------------------------------------------------------+
; Flow Elapsed Time                                                                                                        ;
+----------------------+--------------+-------------------------+---------------------+------------------------------------+
; Module Name          ; Elapsed Time ; Average Processors Used ; Peak Virtual Memory ; Total CPU Time (on all processors) ;
+----------------------+--------------+-------------------------+---------------------+------------------------------------+
; Analysis & Synthesis ; 00:00:13     ; 1.0                     ; 1060 MB             ; 00:00:30                           ;
; Fitter               ; 00:01:24     ; 1.4                     ; 2493 MB             ; 00:03:20                           ;
; Assembler            ; 00:00:10     ; 1.0                     ; 1001 MB             ; 00:00:10                           ;
; Timing Analyzer      ; 00:00:13     ; 2.0                     ; 1272 MB             ; 00:00:23                           ;
; EDA Netlist Writer   ; 00:00:02     ; 1.0                     ; 1159 MB             ; 00:00:01                           ;
; Total                ; 00:02:02     ; --                      ; --                  ; 00:04:24                           ;
+----------------------+--------------+-------------------------+---------------------+------------------------------------+


+--------------------------------------------------------------------------------------------+
; Flow OS Summary                                                                            ;
+----------------------+------------------+----------------+----------------+----------------+
; Module Name          ; Machine Hostname ; OS Name        ; OS Version     ; Processor type ;
+----------------------+------------------+----------------+----------------+----------------+
; Analysis & Synthesis ; winterfell       ; Antergos Linux ; Antergos Linux ; x86_64         ;
; Fitter               ; winterfell       ; Antergos Linux ; Antergos Linux ; x86_64         ;
; Assembler            ; winterfell       ; Antergos Linux ; Antergos Linux ; x86_64         ;
; Timing Analyzer      ; winterfell       ; Antergos Linux ; Antergos Linux ; x86_64         ;
; EDA Netlist Writer   ; winterfell       ; Antergos Linux ; Antergos Linux ; x86_64         ;
+----------------------+------------------+----------------+----------------+----------------+


------------
; Flow Log ;
------------
quartus_map --read_settings_files=on --write_settings_files=off Graphic_controller -c Graphic_controller
quartus_fit --read_settings_files=off --write_settings_files=off Graphic_controller -c Graphic_controller
quartus_asm --read_settings_files=off --write_settings_files=off Graphic_controller -c Graphic_controller
quartus_sta Graphic_controller -c Graphic_controller
quartus_eda --read_settings_files=off --write_settings_files=off Graphic_controller -c Graphic_controller



