Analysis & Synthesis report for CPU
Thu Nov 21 18:22:39 2019
Quartus Prime Version 18.1.0 Build 625 09/12/2018 SJ Lite Edition


---------------------
; Table of Contents ;
---------------------
  1. Legal Notice
  2. Analysis & Synthesis Summary
  3. Analysis & Synthesis Settings
  4. Parallel Compilation
  5. Analysis & Synthesis Source Files Read
  6. Analysis & Synthesis Resource Usage Summary
  7. Analysis & Synthesis Resource Utilization by Entity
  8. Registers Removed During Synthesis
  9. General Register Statistics
 10. Multiplexer Restructuring Statistics (Restructuring Performed)
 11. Parameter Settings for User Entity Instance: top:top1|arm:arm|controller:c|condlogic:cl|flopenr:flagreg1
 12. Parameter Settings for User Entity Instance: top:top1|arm:arm|controller:c|condlogic:cl|flopenr:flagreg0
 13. Parameter Settings for User Entity Instance: top:top1|arm:arm|datapath:dp|mux2_1:pcmux
 14. Parameter Settings for User Entity Instance: top:top1|arm:arm|datapath:dp|flopr:pcreg
 15. Parameter Settings for User Entity Instance: top:top1|arm:arm|datapath:dp|adder:pcadd1
 16. Parameter Settings for User Entity Instance: top:top1|arm:arm|datapath:dp|adder:pcadd2
 17. Parameter Settings for User Entity Instance: top:top1|arm:arm|datapath:dp|mux2_1:ra1mux
 18. Parameter Settings for User Entity Instance: top:top1|arm:arm|datapath:dp|mux2_1:ra2mux
 19. Parameter Settings for User Entity Instance: top:top1|arm:arm|datapath:dp|mux2_1:resmux
 20. Parameter Settings for User Entity Instance: top:top1|arm:arm|datapath:dp|mux2_1:srcbmux
 21. Port Connectivity Checks: "top:top1|arm:arm|datapath:dp|mux2_1:ra1mux"
 22. Port Connectivity Checks: "top:top1|arm:arm|datapath:dp|adder:pcadd2"
 23. Port Connectivity Checks: "top:top1|arm:arm|datapath:dp|adder:pcadd1"
 24. Port Connectivity Checks: "top:top1"
 25. Post-Synthesis Netlist Statistics for Top Partition
 26. Elapsed Time Per Partition
 27. Analysis & Synthesis Messages
 28. Analysis & Synthesis Suppressed Messages



----------------
; Legal Notice ;
----------------
Copyright (C) 2018  Intel Corporation. All rights reserved.
Your use of Intel Corporation's design tools, logic functions 
and other software and tools, and its AMPP partner logic 
functions, and any output files from any of the foregoing 
(including device programming or simulation files), and any 
associated documentation or information are expressly subject 
to the terms and conditions of the Intel Program License 
Subscription Agreement, the Intel Quartus Prime License Agreement,
the Intel FPGA IP License Agreement, or other applicable license
agreement, including, without limitation, that your use is for
the sole purpose of programming logic devices manufactured by
Intel and sold by Intel or its authorized distributors.  Please
refer to the applicable agreement for further details.



+-------------------------------------------------------------------------------+
; Analysis & Synthesis Summary                                                  ;
+---------------------------------+---------------------------------------------+
; Analysis & Synthesis Status     ; Successful - Thu Nov 21 18:22:39 2019       ;
; Quartus Prime Version           ; 18.1.0 Build 625 09/12/2018 SJ Lite Edition ;
; Revision Name                   ; CPU                                         ;
; Top-level Entity Name           ; coso                                        ;
; Family                          ; Cyclone V                                   ;
; Logic utilization (in ALMs)     ; N/A                                         ;
; Total registers                 ; 2307                                        ;
; Total pins                      ; 41                                          ;
; Total virtual pins              ; 0                                           ;
; Total block memory bits         ; 0                                           ;
; Total DSP Blocks                ; 0                                           ;
; Total HSSI RX PCSs              ; 0                                           ;
; Total HSSI PMA RX Deserializers ; 0                                           ;
; Total HSSI TX PCSs              ; 0                                           ;
; Total HSSI PMA TX Serializers   ; 0                                           ;
; Total PLLs                      ; 0                                           ;
; Total DLLs                      ; 0                                           ;
+---------------------------------+---------------------------------------------+


+---------------------------------------------------------------------------------------------------------------------------+
; Analysis & Synthesis Settings                                                                                             ;
+---------------------------------------------------------------------------------+--------------------+--------------------+
; Option                                                                          ; Setting            ; Default Value      ;
+---------------------------------------------------------------------------------+--------------------+--------------------+
; Device                                                                          ; 5CSEMA5F31C6       ;                    ;
; Top-level entity name                                                           ; coso               ; CPU                ;
; Family name                                                                     ; Cyclone V          ; Cyclone V          ;
; Use smart compilation                                                           ; Off                ; Off                ;
; Enable parallel Assembler and Timing Analyzer during compilation                ; On                 ; On                 ;
; Enable compact report table                                                     ; Off                ; Off                ;
; Restructure Multiplexers                                                        ; Auto               ; Auto               ;
; MLAB Add Timing Constraints For Mixed-Port Feed-Through Mode Setting Don't Care ; Off                ; Off                ;
; Create Debugging Nodes for IP Cores                                             ; Off                ; Off                ;
; Preserve fewer node names                                                       ; On                 ; On                 ;
; Intel FPGA IP Evaluation Mode                                                   ; Enable             ; Enable             ;
; Verilog Version                                                                 ; Verilog_2001       ; Verilog_2001       ;
; VHDL Version                                                                    ; VHDL_1993          ; VHDL_1993          ;
; State Machine Processing                                                        ; Auto               ; Auto               ;
; Safe State Machine                                                              ; Off                ; Off                ;
; Extract Verilog State Machines                                                  ; On                 ; On                 ;
; Extract VHDL State Machines                                                     ; On                 ; On                 ;
; Ignore Verilog initial constructs                                               ; Off                ; Off                ;
; Iteration limit for constant Verilog loops                                      ; 5000               ; 5000               ;
; Iteration limit for non-constant Verilog loops                                  ; 250                ; 250                ;
; Add Pass-Through Logic to Inferred RAMs                                         ; On                 ; On                 ;
; Infer RAMs from Raw Logic                                                       ; On                 ; On                 ;
; Parallel Synthesis                                                              ; On                 ; On                 ;
; DSP Block Balancing                                                             ; Auto               ; Auto               ;
; NOT Gate Push-Back                                                              ; On                 ; On                 ;
; Power-Up Don't Care                                                             ; On                 ; On                 ;
; Remove Redundant Logic Cells                                                    ; Off                ; Off                ;
; Remove Duplicate Registers                                                      ; On                 ; On                 ;
; Ignore CARRY Buffers                                                            ; Off                ; Off                ;
; Ignore CASCADE Buffers                                                          ; Off                ; Off                ;
; Ignore GLOBAL Buffers                                                           ; Off                ; Off                ;
; Ignore ROW GLOBAL Buffers                                                       ; Off                ; Off                ;
; Ignore LCELL Buffers                                                            ; Off                ; Off                ;
; Ignore SOFT Buffers                                                             ; On                 ; On                 ;
; Limit AHDL Integers to 32 Bits                                                  ; Off                ; Off                ;
; Optimization Technique                                                          ; Balanced           ; Balanced           ;
; Carry Chain Length                                                              ; 70                 ; 70                 ;
; Auto Carry Chains                                                               ; On                 ; On                 ;
; Auto Open-Drain Pins                                                            ; On                 ; On                 ;
; Perform WYSIWYG Primitive Resynthesis                                           ; Off                ; Off                ;
; Auto ROM Replacement                                                            ; On                 ; On                 ;
; Auto RAM Replacement                                                            ; On                 ; On                 ;
; Auto DSP Block Replacement                                                      ; On                 ; On                 ;
; Auto Shift Register Replacement                                                 ; Auto               ; Auto               ;
; Allow Shift Register Merging across Hierarchies                                 ; Auto               ; Auto               ;
; Auto Clock Enable Replacement                                                   ; On                 ; On                 ;
; Strict RAM Replacement                                                          ; Off                ; Off                ;
; Allow Synchronous Control Signals                                               ; On                 ; On                 ;
; Force Use of Synchronous Clear Signals                                          ; Off                ; Off                ;
; Auto Resource Sharing                                                           ; Off                ; Off                ;
; Allow Any RAM Size For Recognition                                              ; Off                ; Off                ;
; Allow Any ROM Size For Recognition                                              ; Off                ; Off                ;
; Allow Any Shift Register Size For Recognition                                   ; Off                ; Off                ;
; Use LogicLock Constraints during Resource Balancing                             ; On                 ; On                 ;
; Ignore translate_off and synthesis_off directives                               ; Off                ; Off                ;
; Timing-Driven Synthesis                                                         ; On                 ; On                 ;
; Report Parameter Settings                                                       ; On                 ; On                 ;
; Report Source Assignments                                                       ; On                 ; On                 ;
; Report Connectivity Checks                                                      ; On                 ; On                 ;
; Ignore Maximum Fan-Out Assignments                                              ; Off                ; Off                ;
; Synchronization Register Chain Length                                           ; 3                  ; 3                  ;
; Power Optimization During Synthesis                                             ; Normal compilation ; Normal compilation ;
; HDL message level                                                               ; Level2             ; Level2             ;
; Suppress Register Optimization Related Messages                                 ; Off                ; Off                ;
; Number of Removed Registers Reported in Synthesis Report                        ; 5000               ; 5000               ;
; Number of Swept Nodes Reported in Synthesis Report                              ; 5000               ; 5000               ;
; Number of Inverted Registers Reported in Synthesis Report                       ; 100                ; 100                ;
; Clock MUX Protection                                                            ; On                 ; On                 ;
; Auto Gated Clock Conversion                                                     ; Off                ; Off                ;
; Block Design Naming                                                             ; Auto               ; Auto               ;
; SDC constraint protection                                                       ; Off                ; Off                ;
; Synthesis Effort                                                                ; Auto               ; Auto               ;
; Shift Register Replacement - Allow Asynchronous Clear Signal                    ; On                 ; On                 ;
; Pre-Mapping Resynthesis Optimization                                            ; Off                ; Off                ;
; Analysis & Synthesis Message Level                                              ; Medium             ; Medium             ;
; Disable Register Merging Across Hierarchies                                     ; Auto               ; Auto               ;
; Resource Aware Inference For Block RAM                                          ; On                 ; On                 ;
; Automatic Parallel Synthesis                                                    ; On                 ; On                 ;
; Partial Reconfiguration Bitstream ID                                            ; Off                ; Off                ;
+---------------------------------------------------------------------------------+--------------------+--------------------+


+------------------------------------------+
; Parallel Compilation                     ;
+----------------------------+-------------+
; Processors                 ; Number      ;
+----------------------------+-------------+
; Number detected on machine ; 8           ;
; Maximum allowed            ; 4           ;
;                            ;             ;
; Average used               ; 1.00        ;
; Maximum used               ; 4           ;
;                            ;             ;
; Usage by Processor         ; % Time Used ;
;     Processor 1            ; 100.0%      ;
;     Processor 2            ;   0.0%      ;
;     Processor 3            ;   0.0%      ;
;     Processor 4            ;   0.0%      ;
+----------------------------+-------------+


+------------------------------------------------------------------------------------------------------------------------------------------------+
; Analysis & Synthesis Source Files Read                                                                                                         ;
+----------------------------------+-----------------+------------------------------+--------------------------------------------------+---------+
; File Name with User-Entered Path ; Used in Netlist ; File Type                    ; File Name with Absolute Path                     ; Library ;
+----------------------------------+-----------------+------------------------------+--------------------------------------------------+---------+
; arm.sv                           ; yes             ; User SystemVerilog HDL File  ; C:/Users/bryan/Desktop/CPU/CPU/arm.sv            ;         ;
; condcheck.sv                     ; yes             ; User SystemVerilog HDL File  ; C:/Users/bryan/Desktop/CPU/CPU/condcheck.sv      ;         ;
; condlogic.sv                     ; yes             ; User SystemVerilog HDL File  ; C:/Users/bryan/Desktop/CPU/CPU/condlogic.sv      ;         ;
; controller.sv                    ; yes             ; User SystemVerilog HDL File  ; C:/Users/bryan/Desktop/CPU/CPU/controller.sv     ;         ;
; dmem.sv                          ; yes             ; User SystemVerilog HDL File  ; C:/Users/bryan/Desktop/CPU/CPU/dmem.sv           ;         ;
; decoder.sv                       ; yes             ; User SystemVerilog HDL File  ; C:/Users/bryan/Desktop/CPU/CPU/decoder.sv        ;         ;
; datapath.sv                      ; yes             ; User SystemVerilog HDL File  ; C:/Users/bryan/Desktop/CPU/CPU/datapath.sv       ;         ;
; flopr.sv                         ; yes             ; User SystemVerilog HDL File  ; C:/Users/bryan/Desktop/CPU/CPU/flopr.sv          ;         ;
; flopenr.sv                       ; yes             ; User SystemVerilog HDL File  ; C:/Users/bryan/Desktop/CPU/CPU/flopenr.sv        ;         ;
; extend.sv                        ; yes             ; User SystemVerilog HDL File  ; C:/Users/bryan/Desktop/CPU/CPU/extend.sv         ;         ;
; regfile.sv                       ; yes             ; User SystemVerilog HDL File  ; C:/Users/bryan/Desktop/CPU/CPU/regfile.sv        ;         ;
; top.sv                           ; yes             ; User SystemVerilog HDL File  ; C:/Users/bryan/Desktop/CPU/CPU/top.sv            ;         ;
; adder.sv                         ; yes             ; User SystemVerilog HDL File  ; C:/Users/bryan/Desktop/CPU/CPU/adder.sv          ;         ;
; alu.sv                           ; yes             ; User SystemVerilog HDL File  ; C:/Users/bryan/Desktop/CPU/CPU/alu.sv            ;         ;
; mux2_1.sv                        ; yes             ; User SystemVerilog HDL File  ; C:/Users/bryan/Desktop/CPU/CPU/mux2_1.sv         ;         ;
; imemtb.sv                        ; yes             ; User SystemVerilog HDL File  ; C:/Users/bryan/Desktop/CPU/CPU/imemtb.sv         ;         ;
; seven_segments.sv                ; yes             ; User SystemVerilog HDL File  ; C:/Users/bryan/Desktop/CPU/CPU/seven_segments.sv ;         ;
; coso.sv                          ; yes             ; User SystemVerilog HDL File  ; C:/Users/bryan/Desktop/CPU/CPU/coso.sv           ;         ;
; mem.txt                          ; yes             ; Auto-Found File              ; C:/Users/bryan/Desktop/CPU/CPU/mem.txt           ;         ;
+----------------------------------+-----------------+------------------------------+--------------------------------------------------+---------+


+---------------------------------------------------------+
; Analysis & Synthesis Resource Usage Summary             ;
+---------------------------------------------+-----------+
; Resource                                    ; Usage     ;
+---------------------------------------------+-----------+
; Estimate of Logic utilization (ALMs needed) ; 1724      ;
;                                             ;           ;
; Combinational ALUT usage for logic          ; 1433      ;
;     -- 7 input functions                    ; 16        ;
;     -- 6 input functions                    ; 841       ;
;     -- 5 input functions                    ; 186       ;
;     -- 4 input functions                    ; 170       ;
;     -- <=3 input functions                  ; 220       ;
;                                             ;           ;
; Dedicated logic registers                   ; 2307      ;
;                                             ;           ;
; I/O pins                                    ; 41        ;
;                                             ;           ;
; Total DSP Blocks                            ; 0         ;
;                                             ;           ;
; Maximum fan-out node                        ; clk~input ;
; Maximum fan-out                             ; 2307      ;
; Total fan-out                               ; 14357     ;
; Average fan-out                             ; 3.76      ;
+---------------------------------------------+-----------+


+------------------------------------------------------------------------------------------------------------------------------------------------------------------------------------------------------------------------------------------------+
; Analysis & Synthesis Resource Utilization by Entity                                                                                                                                                                                            ;
+-----------------------------------+---------------------+---------------------------+-------------------+------------+------+--------------+-------------------------------------------------------------------+----------------+--------------+
; Compilation Hierarchy Node        ; Combinational ALUTs ; Dedicated Logic Registers ; Block Memory Bits ; DSP Blocks ; Pins ; Virtual Pins ; Full Hierarchy Name                                               ; Entity Name    ; Library Name ;
+-----------------------------------+---------------------+---------------------------+-------------------+------------+------+--------------+-------------------------------------------------------------------+----------------+--------------+
; |coso                             ; 1433 (0)            ; 2307 (0)                  ; 0                 ; 0          ; 41   ; 0            ; |coso                                                             ; coso           ; work         ;
;    |seven_segments:seven|         ; 7 (7)               ; 0 (0)                     ; 0                 ; 0          ; 0    ; 0            ; |coso|seven_segments:seven                                        ; seven_segments ; work         ;
;    |top:top1|                     ; 1426 (0)            ; 2307 (0)                  ; 0                 ; 0          ; 0    ; 0            ; |coso|top:top1                                                    ; top            ; work         ;
;       |arm:arm|                   ; 609 (0)             ; 259 (0)                   ; 0                 ; 0          ; 0    ; 0            ; |coso|top:top1|arm:arm                                            ; arm            ; work         ;
;          |controller:c|           ; 15 (0)              ; 3 (0)                     ; 0                 ; 0          ; 0    ; 0            ; |coso|top:top1|arm:arm|controller:c                               ; controller     ; work         ;
;             |condlogic:cl|        ; 10 (5)              ; 3 (0)                     ; 0                 ; 0          ; 0    ; 0            ; |coso|top:top1|arm:arm|controller:c|condlogic:cl                  ; condlogic      ; work         ;
;                |condcheck:cc|     ; 4 (4)               ; 0 (0)                     ; 0                 ; 0          ; 0    ; 0            ; |coso|top:top1|arm:arm|controller:c|condlogic:cl|condcheck:cc     ; condcheck      ; work         ;
;                |flopenr:flagreg0| ; 1 (1)               ; 1 (1)                     ; 0                 ; 0          ; 0    ; 0            ; |coso|top:top1|arm:arm|controller:c|condlogic:cl|flopenr:flagreg0 ; flopenr        ; work         ;
;                |flopenr:flagreg1| ; 0 (0)               ; 2 (2)                     ; 0                 ; 0          ; 0    ; 0            ; |coso|top:top1|arm:arm|controller:c|condlogic:cl|flopenr:flagreg1 ; flopenr        ; work         ;
;             |decoder:dec|         ; 5 (5)               ; 0 (0)                     ; 0                 ; 0          ; 0    ; 0            ; |coso|top:top1|arm:arm|controller:c|decoder:dec                   ; decoder        ; work         ;
;          |datapath:dp|            ; 594 (0)             ; 256 (0)                   ; 0                 ; 0          ; 0    ; 0            ; |coso|top:top1|arm:arm|datapath:dp                                ; datapath       ; work         ;
;             |ALU:alu|             ; 88 (88)             ; 0 (0)                     ; 0                 ; 0          ; 0    ; 0            ; |coso|top:top1|arm:arm|datapath:dp|ALU:alu                        ; ALU            ; work         ;
;             |adder:pcadd1|        ; 30 (30)             ; 0 (0)                     ; 0                 ; 0          ; 0    ; 0            ; |coso|top:top1|arm:arm|datapath:dp|adder:pcadd1                   ; adder          ; work         ;
;             |adder:pcadd2|        ; 30 (30)             ; 0 (0)                     ; 0                 ; 0          ; 0    ; 0            ; |coso|top:top1|arm:arm|datapath:dp|adder:pcadd2                   ; adder          ; work         ;
;             |flopr:pcreg|         ; 0 (0)               ; 32 (32)                   ; 0                 ; 0          ; 0    ; 0            ; |coso|top:top1|arm:arm|datapath:dp|flopr:pcreg                    ; flopr          ; work         ;
;             |mux2_1:ra1mux|       ; 8 (8)               ; 0 (0)                     ; 0                 ; 0          ; 0    ; 0            ; |coso|top:top1|arm:arm|datapath:dp|mux2_1:ra1mux                  ; mux2_1         ; work         ;
;             |mux2_1:ra2mux|       ; 8 (8)               ; 0 (0)                     ; 0                 ; 0          ; 0    ; 0            ; |coso|top:top1|arm:arm|datapath:dp|mux2_1:ra2mux                  ; mux2_1         ; work         ;
;             |mux2_1:resmux|       ; 32 (32)             ; 0 (0)                     ; 0                 ; 0          ; 0    ; 0            ; |coso|top:top1|arm:arm|datapath:dp|mux2_1:resmux                  ; mux2_1         ; work         ;
;             |mux2_1:srcbmux|      ; 45 (45)             ; 0 (0)                     ; 0                 ; 0          ; 0    ; 0            ; |coso|top:top1|arm:arm|datapath:dp|mux2_1:srcbmux                 ; mux2_1         ; work         ;
;             |regfile:rf|          ; 353 (353)           ; 224 (224)                 ; 0                 ; 0          ; 0    ; 0            ; |coso|top:top1|arm:arm|datapath:dp|regfile:rf                     ; regfile        ; work         ;
;       |dmem:dmem|                 ; 800 (800)           ; 2048 (2048)               ; 0                 ; 0          ; 0    ; 0            ; |coso|top:top1|dmem:dmem                                          ; dmem           ; work         ;
;       |imemtb:imem|               ; 17 (17)             ; 0 (0)                     ; 0                 ; 0          ; 0    ; 0            ; |coso|top:top1|imemtb:imem                                        ; imemtb         ; work         ;
+-----------------------------------+---------------------+---------------------------+-------------------+------------+------+--------------+-------------------------------------------------------------------+----------------+--------------+
Note: For table entries with two numbers listed, the numbers in parentheses indicate the number of resources of the given type used by the specific entity alone. The numbers listed outside of parentheses indicate the total resources of the given type used by the specific entity and all of its sub-entities in the hierarchy.


+----------------------------------------------------------------------------------------------------------------+
; Registers Removed During Synthesis                                                                             ;
+------------------------------------------------------------------+---------------------------------------------+
; Register name                                                    ; Reason for Removal                          ;
+------------------------------------------------------------------+---------------------------------------------+
; top:top1|arm:arm|controller:c|condlogic:cl|flopenr:flagreg0|q[1] ; Lost fanout                                 ;
; top:top1|arm:arm|datapath:dp|regfile:rf|rf~32                    ; Stuck at GND due to stuck port clock_enable ;
; top:top1|arm:arm|datapath:dp|regfile:rf|rf~192                   ; Stuck at GND due to stuck port clock_enable ;
; top:top1|arm:arm|datapath:dp|regfile:rf|rf~288                   ; Stuck at GND due to stuck port clock_enable ;
; top:top1|arm:arm|datapath:dp|regfile:rf|rf~320                   ; Stuck at GND due to stuck port clock_enable ;
; top:top1|arm:arm|datapath:dp|regfile:rf|rf~352                   ; Stuck at GND due to stuck port clock_enable ;
; top:top1|arm:arm|datapath:dp|regfile:rf|rf~384                   ; Stuck at GND due to stuck port clock_enable ;
; top:top1|arm:arm|datapath:dp|regfile:rf|rf~416                   ; Stuck at GND due to stuck port clock_enable ;
; top:top1|arm:arm|datapath:dp|regfile:rf|rf~448                   ; Stuck at GND due to stuck port clock_enable ;
; top:top1|arm:arm|datapath:dp|regfile:rf|rf~385                   ; Stuck at GND due to stuck port clock_enable ;
; top:top1|arm:arm|datapath:dp|regfile:rf|rf~33                    ; Stuck at GND due to stuck port clock_enable ;
; top:top1|arm:arm|datapath:dp|regfile:rf|rf~289                   ; Stuck at GND due to stuck port clock_enable ;
; top:top1|arm:arm|datapath:dp|regfile:rf|rf~417                   ; Stuck at GND due to stuck port clock_enable ;
; top:top1|arm:arm|datapath:dp|regfile:rf|rf~193                   ; Stuck at GND due to stuck port clock_enable ;
; top:top1|arm:arm|datapath:dp|regfile:rf|rf~321                   ; Stuck at GND due to stuck port clock_enable ;
; top:top1|arm:arm|datapath:dp|regfile:rf|rf~449                   ; Stuck at GND due to stuck port clock_enable ;
; top:top1|arm:arm|datapath:dp|regfile:rf|rf~353                   ; Stuck at GND due to stuck port clock_enable ;
; top:top1|arm:arm|datapath:dp|regfile:rf|rf~34                    ; Stuck at GND due to stuck port clock_enable ;
; top:top1|arm:arm|datapath:dp|regfile:rf|rf~194                   ; Stuck at GND due to stuck port clock_enable ;
; top:top1|arm:arm|datapath:dp|regfile:rf|rf~290                   ; Stuck at GND due to stuck port clock_enable ;
; top:top1|arm:arm|datapath:dp|regfile:rf|rf~322                   ; Stuck at GND due to stuck port clock_enable ;
; top:top1|arm:arm|datapath:dp|regfile:rf|rf~354                   ; Stuck at GND due to stuck port clock_enable ;
; top:top1|arm:arm|datapath:dp|regfile:rf|rf~386                   ; Stuck at GND due to stuck port clock_enable ;
; top:top1|arm:arm|datapath:dp|regfile:rf|rf~418                   ; Stuck at GND due to stuck port clock_enable ;
; top:top1|arm:arm|datapath:dp|regfile:rf|rf~450                   ; Stuck at GND due to stuck port clock_enable ;
; top:top1|arm:arm|datapath:dp|regfile:rf|rf~387                   ; Stuck at GND due to stuck port clock_enable ;
; top:top1|arm:arm|datapath:dp|regfile:rf|rf~35                    ; Stuck at GND due to stuck port clock_enable ;
; top:top1|arm:arm|datapath:dp|regfile:rf|rf~291                   ; Stuck at GND due to stuck port clock_enable ;
; top:top1|arm:arm|datapath:dp|regfile:rf|rf~419                   ; Stuck at GND due to stuck port clock_enable ;
; top:top1|arm:arm|datapath:dp|regfile:rf|rf~195                   ; Stuck at GND due to stuck port clock_enable ;
; top:top1|arm:arm|datapath:dp|regfile:rf|rf~323                   ; Stuck at GND due to stuck port clock_enable ;
; top:top1|arm:arm|datapath:dp|regfile:rf|rf~451                   ; Stuck at GND due to stuck port clock_enable ;
; top:top1|arm:arm|datapath:dp|regfile:rf|rf~355                   ; Stuck at GND due to stuck port clock_enable ;
; top:top1|arm:arm|datapath:dp|regfile:rf|rf~36                    ; Stuck at GND due to stuck port clock_enable ;
; top:top1|arm:arm|datapath:dp|regfile:rf|rf~196                   ; Stuck at GND due to stuck port clock_enable ;
; top:top1|arm:arm|datapath:dp|regfile:rf|rf~292                   ; Stuck at GND due to stuck port clock_enable ;
; top:top1|arm:arm|datapath:dp|regfile:rf|rf~324                   ; Stuck at GND due to stuck port clock_enable ;
; top:top1|arm:arm|datapath:dp|regfile:rf|rf~356                   ; Stuck at GND due to stuck port clock_enable ;
; top:top1|arm:arm|datapath:dp|regfile:rf|rf~388                   ; Stuck at GND due to stuck port clock_enable ;
; top:top1|arm:arm|datapath:dp|regfile:rf|rf~420                   ; Stuck at GND due to stuck port clock_enable ;
; top:top1|arm:arm|datapath:dp|regfile:rf|rf~452                   ; Stuck at GND due to stuck port clock_enable ;
; top:top1|arm:arm|datapath:dp|regfile:rf|rf~389                   ; Stuck at GND due to stuck port clock_enable ;
; top:top1|arm:arm|datapath:dp|regfile:rf|rf~37                    ; Stuck at GND due to stuck port clock_enable ;
; top:top1|arm:arm|datapath:dp|regfile:rf|rf~293                   ; Stuck at GND due to stuck port clock_enable ;
; top:top1|arm:arm|datapath:dp|regfile:rf|rf~421                   ; Stuck at GND due to stuck port clock_enable ;
; top:top1|arm:arm|datapath:dp|regfile:rf|rf~197                   ; Stuck at GND due to stuck port clock_enable ;
; top:top1|arm:arm|datapath:dp|regfile:rf|rf~325                   ; Stuck at GND due to stuck port clock_enable ;
; top:top1|arm:arm|datapath:dp|regfile:rf|rf~453                   ; Stuck at GND due to stuck port clock_enable ;
; top:top1|arm:arm|datapath:dp|regfile:rf|rf~357                   ; Stuck at GND due to stuck port clock_enable ;
; top:top1|arm:arm|datapath:dp|regfile:rf|rf~38                    ; Stuck at GND due to stuck port clock_enable ;
; top:top1|arm:arm|datapath:dp|regfile:rf|rf~198                   ; Stuck at GND due to stuck port clock_enable ;
; top:top1|arm:arm|datapath:dp|regfile:rf|rf~294                   ; Stuck at GND due to stuck port clock_enable ;
; top:top1|arm:arm|datapath:dp|regfile:rf|rf~326                   ; Stuck at GND due to stuck port clock_enable ;
; top:top1|arm:arm|datapath:dp|regfile:rf|rf~358                   ; Stuck at GND due to stuck port clock_enable ;
; top:top1|arm:arm|datapath:dp|regfile:rf|rf~390                   ; Stuck at GND due to stuck port clock_enable ;
; top:top1|arm:arm|datapath:dp|regfile:rf|rf~422                   ; Stuck at GND due to stuck port clock_enable ;
; top:top1|arm:arm|datapath:dp|regfile:rf|rf~454                   ; Stuck at GND due to stuck port clock_enable ;
; top:top1|arm:arm|datapath:dp|regfile:rf|rf~391                   ; Stuck at GND due to stuck port clock_enable ;
; top:top1|arm:arm|datapath:dp|regfile:rf|rf~39                    ; Stuck at GND due to stuck port clock_enable ;
; top:top1|arm:arm|datapath:dp|regfile:rf|rf~295                   ; Stuck at GND due to stuck port clock_enable ;
; top:top1|arm:arm|datapath:dp|regfile:rf|rf~423                   ; Stuck at GND due to stuck port clock_enable ;
; top:top1|arm:arm|datapath:dp|regfile:rf|rf~199                   ; Stuck at GND due to stuck port clock_enable ;
; top:top1|arm:arm|datapath:dp|regfile:rf|rf~327                   ; Stuck at GND due to stuck port clock_enable ;
; top:top1|arm:arm|datapath:dp|regfile:rf|rf~455                   ; Stuck at GND due to stuck port clock_enable ;
; top:top1|arm:arm|datapath:dp|regfile:rf|rf~359                   ; Stuck at GND due to stuck port clock_enable ;
; top:top1|arm:arm|datapath:dp|regfile:rf|rf~40                    ; Stuck at GND due to stuck port clock_enable ;
; top:top1|arm:arm|datapath:dp|regfile:rf|rf~200                   ; Stuck at GND due to stuck port clock_enable ;
; top:top1|arm:arm|datapath:dp|regfile:rf|rf~296                   ; Stuck at GND due to stuck port clock_enable ;
; top:top1|arm:arm|datapath:dp|regfile:rf|rf~328                   ; Stuck at GND due to stuck port clock_enable ;
; top:top1|arm:arm|datapath:dp|regfile:rf|rf~360                   ; Stuck at GND due to stuck port clock_enable ;
; top:top1|arm:arm|datapath:dp|regfile:rf|rf~392                   ; Stuck at GND due to stuck port clock_enable ;
; top:top1|arm:arm|datapath:dp|regfile:rf|rf~424                   ; Stuck at GND due to stuck port clock_enable ;
; top:top1|arm:arm|datapath:dp|regfile:rf|rf~456                   ; Stuck at GND due to stuck port clock_enable ;
; top:top1|arm:arm|datapath:dp|regfile:rf|rf~393                   ; Stuck at GND due to stuck port clock_enable ;
; top:top1|arm:arm|datapath:dp|regfile:rf|rf~41                    ; Stuck at GND due to stuck port clock_enable ;
; top:top1|arm:arm|datapath:dp|regfile:rf|rf~297                   ; Stuck at GND due to stuck port clock_enable ;
; top:top1|arm:arm|datapath:dp|regfile:rf|rf~425                   ; Stuck at GND due to stuck port clock_enable ;
; top:top1|arm:arm|datapath:dp|regfile:rf|rf~201                   ; Stuck at GND due to stuck port clock_enable ;
; top:top1|arm:arm|datapath:dp|regfile:rf|rf~329                   ; Stuck at GND due to stuck port clock_enable ;
; top:top1|arm:arm|datapath:dp|regfile:rf|rf~457                   ; Stuck at GND due to stuck port clock_enable ;
; top:top1|arm:arm|datapath:dp|regfile:rf|rf~361                   ; Stuck at GND due to stuck port clock_enable ;
; top:top1|arm:arm|datapath:dp|regfile:rf|rf~42                    ; Stuck at GND due to stuck port clock_enable ;
; top:top1|arm:arm|datapath:dp|regfile:rf|rf~202                   ; Stuck at GND due to stuck port clock_enable ;
; top:top1|arm:arm|datapath:dp|regfile:rf|rf~298                   ; Stuck at GND due to stuck port clock_enable ;
; top:top1|arm:arm|datapath:dp|regfile:rf|rf~330                   ; Stuck at GND due to stuck port clock_enable ;
; top:top1|arm:arm|datapath:dp|regfile:rf|rf~362                   ; Stuck at GND due to stuck port clock_enable ;
; top:top1|arm:arm|datapath:dp|regfile:rf|rf~394                   ; Stuck at GND due to stuck port clock_enable ;
; top:top1|arm:arm|datapath:dp|regfile:rf|rf~426                   ; Stuck at GND due to stuck port clock_enable ;
; top:top1|arm:arm|datapath:dp|regfile:rf|rf~458                   ; Stuck at GND due to stuck port clock_enable ;
; top:top1|arm:arm|datapath:dp|regfile:rf|rf~395                   ; Stuck at GND due to stuck port clock_enable ;
; top:top1|arm:arm|datapath:dp|regfile:rf|rf~43                    ; Stuck at GND due to stuck port clock_enable ;
; top:top1|arm:arm|datapath:dp|regfile:rf|rf~299                   ; Stuck at GND due to stuck port clock_enable ;
; top:top1|arm:arm|datapath:dp|regfile:rf|rf~427                   ; Stuck at GND due to stuck port clock_enable ;
; top:top1|arm:arm|datapath:dp|regfile:rf|rf~203                   ; Stuck at GND due to stuck port clock_enable ;
; top:top1|arm:arm|datapath:dp|regfile:rf|rf~331                   ; Stuck at GND due to stuck port clock_enable ;
; top:top1|arm:arm|datapath:dp|regfile:rf|rf~459                   ; Stuck at GND due to stuck port clock_enable ;
; top:top1|arm:arm|datapath:dp|regfile:rf|rf~363                   ; Stuck at GND due to stuck port clock_enable ;
; top:top1|arm:arm|datapath:dp|regfile:rf|rf~44                    ; Stuck at GND due to stuck port clock_enable ;
; top:top1|arm:arm|datapath:dp|regfile:rf|rf~204                   ; Stuck at GND due to stuck port clock_enable ;
; top:top1|arm:arm|datapath:dp|regfile:rf|rf~300                   ; Stuck at GND due to stuck port clock_enable ;
; top:top1|arm:arm|datapath:dp|regfile:rf|rf~332                   ; Stuck at GND due to stuck port clock_enable ;
; top:top1|arm:arm|datapath:dp|regfile:rf|rf~364                   ; Stuck at GND due to stuck port clock_enable ;
; top:top1|arm:arm|datapath:dp|regfile:rf|rf~396                   ; Stuck at GND due to stuck port clock_enable ;
; top:top1|arm:arm|datapath:dp|regfile:rf|rf~428                   ; Stuck at GND due to stuck port clock_enable ;
; top:top1|arm:arm|datapath:dp|regfile:rf|rf~460                   ; Stuck at GND due to stuck port clock_enable ;
; top:top1|arm:arm|datapath:dp|regfile:rf|rf~397                   ; Stuck at GND due to stuck port clock_enable ;
; top:top1|arm:arm|datapath:dp|regfile:rf|rf~45                    ; Stuck at GND due to stuck port clock_enable ;
; top:top1|arm:arm|datapath:dp|regfile:rf|rf~301                   ; Stuck at GND due to stuck port clock_enable ;
; top:top1|arm:arm|datapath:dp|regfile:rf|rf~429                   ; Stuck at GND due to stuck port clock_enable ;
; top:top1|arm:arm|datapath:dp|regfile:rf|rf~205                   ; Stuck at GND due to stuck port clock_enable ;
; top:top1|arm:arm|datapath:dp|regfile:rf|rf~333                   ; Stuck at GND due to stuck port clock_enable ;
; top:top1|arm:arm|datapath:dp|regfile:rf|rf~461                   ; Stuck at GND due to stuck port clock_enable ;
; top:top1|arm:arm|datapath:dp|regfile:rf|rf~365                   ; Stuck at GND due to stuck port clock_enable ;
; top:top1|arm:arm|datapath:dp|regfile:rf|rf~46                    ; Stuck at GND due to stuck port clock_enable ;
; top:top1|arm:arm|datapath:dp|regfile:rf|rf~206                   ; Stuck at GND due to stuck port clock_enable ;
; top:top1|arm:arm|datapath:dp|regfile:rf|rf~302                   ; Stuck at GND due to stuck port clock_enable ;
; top:top1|arm:arm|datapath:dp|regfile:rf|rf~334                   ; Stuck at GND due to stuck port clock_enable ;
; top:top1|arm:arm|datapath:dp|regfile:rf|rf~366                   ; Stuck at GND due to stuck port clock_enable ;
; top:top1|arm:arm|datapath:dp|regfile:rf|rf~398                   ; Stuck at GND due to stuck port clock_enable ;
; top:top1|arm:arm|datapath:dp|regfile:rf|rf~430                   ; Stuck at GND due to stuck port clock_enable ;
; top:top1|arm:arm|datapath:dp|regfile:rf|rf~462                   ; Stuck at GND due to stuck port clock_enable ;
; top:top1|arm:arm|datapath:dp|regfile:rf|rf~399                   ; Stuck at GND due to stuck port clock_enable ;
; top:top1|arm:arm|datapath:dp|regfile:rf|rf~47                    ; Stuck at GND due to stuck port clock_enable ;
; top:top1|arm:arm|datapath:dp|regfile:rf|rf~303                   ; Stuck at GND due to stuck port clock_enable ;
; top:top1|arm:arm|datapath:dp|regfile:rf|rf~431                   ; Stuck at GND due to stuck port clock_enable ;
; top:top1|arm:arm|datapath:dp|regfile:rf|rf~207                   ; Stuck at GND due to stuck port clock_enable ;
; top:top1|arm:arm|datapath:dp|regfile:rf|rf~335                   ; Stuck at GND due to stuck port clock_enable ;
; top:top1|arm:arm|datapath:dp|regfile:rf|rf~463                   ; Stuck at GND due to stuck port clock_enable ;
; top:top1|arm:arm|datapath:dp|regfile:rf|rf~367                   ; Stuck at GND due to stuck port clock_enable ;
; top:top1|arm:arm|datapath:dp|regfile:rf|rf~48                    ; Stuck at GND due to stuck port clock_enable ;
; top:top1|arm:arm|datapath:dp|regfile:rf|rf~208                   ; Stuck at GND due to stuck port clock_enable ;
; top:top1|arm:arm|datapath:dp|regfile:rf|rf~304                   ; Stuck at GND due to stuck port clock_enable ;
; top:top1|arm:arm|datapath:dp|regfile:rf|rf~336                   ; Stuck at GND due to stuck port clock_enable ;
; top:top1|arm:arm|datapath:dp|regfile:rf|rf~368                   ; Stuck at GND due to stuck port clock_enable ;
; top:top1|arm:arm|datapath:dp|regfile:rf|rf~400                   ; Stuck at GND due to stuck port clock_enable ;
; top:top1|arm:arm|datapath:dp|regfile:rf|rf~432                   ; Stuck at GND due to stuck port clock_enable ;
; top:top1|arm:arm|datapath:dp|regfile:rf|rf~464                   ; Stuck at GND due to stuck port clock_enable ;
; top:top1|arm:arm|datapath:dp|regfile:rf|rf~401                   ; Stuck at GND due to stuck port clock_enable ;
; top:top1|arm:arm|datapath:dp|regfile:rf|rf~49                    ; Stuck at GND due to stuck port clock_enable ;
; top:top1|arm:arm|datapath:dp|regfile:rf|rf~305                   ; Stuck at GND due to stuck port clock_enable ;
; top:top1|arm:arm|datapath:dp|regfile:rf|rf~433                   ; Stuck at GND due to stuck port clock_enable ;
; top:top1|arm:arm|datapath:dp|regfile:rf|rf~209                   ; Stuck at GND due to stuck port clock_enable ;
; top:top1|arm:arm|datapath:dp|regfile:rf|rf~337                   ; Stuck at GND due to stuck port clock_enable ;
; top:top1|arm:arm|datapath:dp|regfile:rf|rf~465                   ; Stuck at GND due to stuck port clock_enable ;
; top:top1|arm:arm|datapath:dp|regfile:rf|rf~369                   ; Stuck at GND due to stuck port clock_enable ;
; top:top1|arm:arm|datapath:dp|regfile:rf|rf~50                    ; Stuck at GND due to stuck port clock_enable ;
; top:top1|arm:arm|datapath:dp|regfile:rf|rf~210                   ; Stuck at GND due to stuck port clock_enable ;
; top:top1|arm:arm|datapath:dp|regfile:rf|rf~306                   ; Stuck at GND due to stuck port clock_enable ;
; top:top1|arm:arm|datapath:dp|regfile:rf|rf~338                   ; Stuck at GND due to stuck port clock_enable ;
; top:top1|arm:arm|datapath:dp|regfile:rf|rf~370                   ; Stuck at GND due to stuck port clock_enable ;
; top:top1|arm:arm|datapath:dp|regfile:rf|rf~402                   ; Stuck at GND due to stuck port clock_enable ;
; top:top1|arm:arm|datapath:dp|regfile:rf|rf~434                   ; Stuck at GND due to stuck port clock_enable ;
; top:top1|arm:arm|datapath:dp|regfile:rf|rf~466                   ; Stuck at GND due to stuck port clock_enable ;
; top:top1|arm:arm|datapath:dp|regfile:rf|rf~403                   ; Stuck at GND due to stuck port clock_enable ;
; top:top1|arm:arm|datapath:dp|regfile:rf|rf~51                    ; Stuck at GND due to stuck port clock_enable ;
; top:top1|arm:arm|datapath:dp|regfile:rf|rf~307                   ; Stuck at GND due to stuck port clock_enable ;
; top:top1|arm:arm|datapath:dp|regfile:rf|rf~435                   ; Stuck at GND due to stuck port clock_enable ;
; top:top1|arm:arm|datapath:dp|regfile:rf|rf~211                   ; Stuck at GND due to stuck port clock_enable ;
; top:top1|arm:arm|datapath:dp|regfile:rf|rf~339                   ; Stuck at GND due to stuck port clock_enable ;
; top:top1|arm:arm|datapath:dp|regfile:rf|rf~467                   ; Stuck at GND due to stuck port clock_enable ;
; top:top1|arm:arm|datapath:dp|regfile:rf|rf~371                   ; Stuck at GND due to stuck port clock_enable ;
; top:top1|arm:arm|datapath:dp|regfile:rf|rf~52                    ; Stuck at GND due to stuck port clock_enable ;
; top:top1|arm:arm|datapath:dp|regfile:rf|rf~212                   ; Stuck at GND due to stuck port clock_enable ;
; top:top1|arm:arm|datapath:dp|regfile:rf|rf~308                   ; Stuck at GND due to stuck port clock_enable ;
; top:top1|arm:arm|datapath:dp|regfile:rf|rf~340                   ; Stuck at GND due to stuck port clock_enable ;
; top:top1|arm:arm|datapath:dp|regfile:rf|rf~372                   ; Stuck at GND due to stuck port clock_enable ;
; top:top1|arm:arm|datapath:dp|regfile:rf|rf~404                   ; Stuck at GND due to stuck port clock_enable ;
; top:top1|arm:arm|datapath:dp|regfile:rf|rf~436                   ; Stuck at GND due to stuck port clock_enable ;
; top:top1|arm:arm|datapath:dp|regfile:rf|rf~468                   ; Stuck at GND due to stuck port clock_enable ;
; top:top1|arm:arm|datapath:dp|regfile:rf|rf~405                   ; Stuck at GND due to stuck port clock_enable ;
; top:top1|arm:arm|datapath:dp|regfile:rf|rf~53                    ; Stuck at GND due to stuck port clock_enable ;
; top:top1|arm:arm|datapath:dp|regfile:rf|rf~309                   ; Stuck at GND due to stuck port clock_enable ;
; top:top1|arm:arm|datapath:dp|regfile:rf|rf~437                   ; Stuck at GND due to stuck port clock_enable ;
; top:top1|arm:arm|datapath:dp|regfile:rf|rf~213                   ; Stuck at GND due to stuck port clock_enable ;
; top:top1|arm:arm|datapath:dp|regfile:rf|rf~341                   ; Stuck at GND due to stuck port clock_enable ;
; top:top1|arm:arm|datapath:dp|regfile:rf|rf~469                   ; Stuck at GND due to stuck port clock_enable ;
; top:top1|arm:arm|datapath:dp|regfile:rf|rf~373                   ; Stuck at GND due to stuck port clock_enable ;
; top:top1|arm:arm|datapath:dp|regfile:rf|rf~54                    ; Stuck at GND due to stuck port clock_enable ;
; top:top1|arm:arm|datapath:dp|regfile:rf|rf~214                   ; Stuck at GND due to stuck port clock_enable ;
; top:top1|arm:arm|datapath:dp|regfile:rf|rf~310                   ; Stuck at GND due to stuck port clock_enable ;
; top:top1|arm:arm|datapath:dp|regfile:rf|rf~342                   ; Stuck at GND due to stuck port clock_enable ;
; top:top1|arm:arm|datapath:dp|regfile:rf|rf~374                   ; Stuck at GND due to stuck port clock_enable ;
; top:top1|arm:arm|datapath:dp|regfile:rf|rf~406                   ; Stuck at GND due to stuck port clock_enable ;
; top:top1|arm:arm|datapath:dp|regfile:rf|rf~438                   ; Stuck at GND due to stuck port clock_enable ;
; top:top1|arm:arm|datapath:dp|regfile:rf|rf~470                   ; Stuck at GND due to stuck port clock_enable ;
; top:top1|arm:arm|datapath:dp|regfile:rf|rf~407                   ; Stuck at GND due to stuck port clock_enable ;
; top:top1|arm:arm|datapath:dp|regfile:rf|rf~55                    ; Stuck at GND due to stuck port clock_enable ;
; top:top1|arm:arm|datapath:dp|regfile:rf|rf~311                   ; Stuck at GND due to stuck port clock_enable ;
; top:top1|arm:arm|datapath:dp|regfile:rf|rf~439                   ; Stuck at GND due to stuck port clock_enable ;
; top:top1|arm:arm|datapath:dp|regfile:rf|rf~215                   ; Stuck at GND due to stuck port clock_enable ;
; top:top1|arm:arm|datapath:dp|regfile:rf|rf~343                   ; Stuck at GND due to stuck port clock_enable ;
; top:top1|arm:arm|datapath:dp|regfile:rf|rf~471                   ; Stuck at GND due to stuck port clock_enable ;
; top:top1|arm:arm|datapath:dp|regfile:rf|rf~375                   ; Stuck at GND due to stuck port clock_enable ;
; top:top1|arm:arm|datapath:dp|regfile:rf|rf~56                    ; Stuck at GND due to stuck port clock_enable ;
; top:top1|arm:arm|datapath:dp|regfile:rf|rf~216                   ; Stuck at GND due to stuck port clock_enable ;
; top:top1|arm:arm|datapath:dp|regfile:rf|rf~312                   ; Stuck at GND due to stuck port clock_enable ;
; top:top1|arm:arm|datapath:dp|regfile:rf|rf~344                   ; Stuck at GND due to stuck port clock_enable ;
; top:top1|arm:arm|datapath:dp|regfile:rf|rf~376                   ; Stuck at GND due to stuck port clock_enable ;
; top:top1|arm:arm|datapath:dp|regfile:rf|rf~408                   ; Stuck at GND due to stuck port clock_enable ;
; top:top1|arm:arm|datapath:dp|regfile:rf|rf~440                   ; Stuck at GND due to stuck port clock_enable ;
; top:top1|arm:arm|datapath:dp|regfile:rf|rf~472                   ; Stuck at GND due to stuck port clock_enable ;
; top:top1|arm:arm|datapath:dp|regfile:rf|rf~409                   ; Stuck at GND due to stuck port clock_enable ;
; top:top1|arm:arm|datapath:dp|regfile:rf|rf~57                    ; Stuck at GND due to stuck port clock_enable ;
; top:top1|arm:arm|datapath:dp|regfile:rf|rf~313                   ; Stuck at GND due to stuck port clock_enable ;
; top:top1|arm:arm|datapath:dp|regfile:rf|rf~441                   ; Stuck at GND due to stuck port clock_enable ;
; top:top1|arm:arm|datapath:dp|regfile:rf|rf~217                   ; Stuck at GND due to stuck port clock_enable ;
; top:top1|arm:arm|datapath:dp|regfile:rf|rf~345                   ; Stuck at GND due to stuck port clock_enable ;
; top:top1|arm:arm|datapath:dp|regfile:rf|rf~473                   ; Stuck at GND due to stuck port clock_enable ;
; top:top1|arm:arm|datapath:dp|regfile:rf|rf~377                   ; Stuck at GND due to stuck port clock_enable ;
; top:top1|arm:arm|datapath:dp|regfile:rf|rf~58                    ; Stuck at GND due to stuck port clock_enable ;
; top:top1|arm:arm|datapath:dp|regfile:rf|rf~218                   ; Stuck at GND due to stuck port clock_enable ;
; top:top1|arm:arm|datapath:dp|regfile:rf|rf~314                   ; Stuck at GND due to stuck port clock_enable ;
; top:top1|arm:arm|datapath:dp|regfile:rf|rf~346                   ; Stuck at GND due to stuck port clock_enable ;
; top:top1|arm:arm|datapath:dp|regfile:rf|rf~378                   ; Stuck at GND due to stuck port clock_enable ;
; top:top1|arm:arm|datapath:dp|regfile:rf|rf~410                   ; Stuck at GND due to stuck port clock_enable ;
; top:top1|arm:arm|datapath:dp|regfile:rf|rf~442                   ; Stuck at GND due to stuck port clock_enable ;
; top:top1|arm:arm|datapath:dp|regfile:rf|rf~474                   ; Stuck at GND due to stuck port clock_enable ;
; top:top1|arm:arm|datapath:dp|regfile:rf|rf~411                   ; Stuck at GND due to stuck port clock_enable ;
; top:top1|arm:arm|datapath:dp|regfile:rf|rf~59                    ; Stuck at GND due to stuck port clock_enable ;
; top:top1|arm:arm|datapath:dp|regfile:rf|rf~315                   ; Stuck at GND due to stuck port clock_enable ;
; top:top1|arm:arm|datapath:dp|regfile:rf|rf~443                   ; Stuck at GND due to stuck port clock_enable ;
; top:top1|arm:arm|datapath:dp|regfile:rf|rf~219                   ; Stuck at GND due to stuck port clock_enable ;
; top:top1|arm:arm|datapath:dp|regfile:rf|rf~347                   ; Stuck at GND due to stuck port clock_enable ;
; top:top1|arm:arm|datapath:dp|regfile:rf|rf~475                   ; Stuck at GND due to stuck port clock_enable ;
; top:top1|arm:arm|datapath:dp|regfile:rf|rf~379                   ; Stuck at GND due to stuck port clock_enable ;
; top:top1|arm:arm|datapath:dp|regfile:rf|rf~60                    ; Stuck at GND due to stuck port clock_enable ;
; top:top1|arm:arm|datapath:dp|regfile:rf|rf~220                   ; Stuck at GND due to stuck port clock_enable ;
; top:top1|arm:arm|datapath:dp|regfile:rf|rf~316                   ; Stuck at GND due to stuck port clock_enable ;
; top:top1|arm:arm|datapath:dp|regfile:rf|rf~348                   ; Stuck at GND due to stuck port clock_enable ;
; top:top1|arm:arm|datapath:dp|regfile:rf|rf~380                   ; Stuck at GND due to stuck port clock_enable ;
; top:top1|arm:arm|datapath:dp|regfile:rf|rf~412                   ; Stuck at GND due to stuck port clock_enable ;
; top:top1|arm:arm|datapath:dp|regfile:rf|rf~444                   ; Stuck at GND due to stuck port clock_enable ;
; top:top1|arm:arm|datapath:dp|regfile:rf|rf~476                   ; Stuck at GND due to stuck port clock_enable ;
; top:top1|arm:arm|datapath:dp|regfile:rf|rf~413                   ; Stuck at GND due to stuck port clock_enable ;
; top:top1|arm:arm|datapath:dp|regfile:rf|rf~61                    ; Stuck at GND due to stuck port clock_enable ;
; top:top1|arm:arm|datapath:dp|regfile:rf|rf~317                   ; Stuck at GND due to stuck port clock_enable ;
; top:top1|arm:arm|datapath:dp|regfile:rf|rf~445                   ; Stuck at GND due to stuck port clock_enable ;
; top:top1|arm:arm|datapath:dp|regfile:rf|rf~221                   ; Stuck at GND due to stuck port clock_enable ;
; top:top1|arm:arm|datapath:dp|regfile:rf|rf~349                   ; Stuck at GND due to stuck port clock_enable ;
; top:top1|arm:arm|datapath:dp|regfile:rf|rf~477                   ; Stuck at GND due to stuck port clock_enable ;
; top:top1|arm:arm|datapath:dp|regfile:rf|rf~381                   ; Stuck at GND due to stuck port clock_enable ;
; top:top1|arm:arm|datapath:dp|regfile:rf|rf~62                    ; Stuck at GND due to stuck port clock_enable ;
; top:top1|arm:arm|datapath:dp|regfile:rf|rf~222                   ; Stuck at GND due to stuck port clock_enable ;
; top:top1|arm:arm|datapath:dp|regfile:rf|rf~318                   ; Stuck at GND due to stuck port clock_enable ;
; top:top1|arm:arm|datapath:dp|regfile:rf|rf~350                   ; Stuck at GND due to stuck port clock_enable ;
; top:top1|arm:arm|datapath:dp|regfile:rf|rf~382                   ; Stuck at GND due to stuck port clock_enable ;
; top:top1|arm:arm|datapath:dp|regfile:rf|rf~414                   ; Stuck at GND due to stuck port clock_enable ;
; top:top1|arm:arm|datapath:dp|regfile:rf|rf~446                   ; Stuck at GND due to stuck port clock_enable ;
; top:top1|arm:arm|datapath:dp|regfile:rf|rf~478                   ; Stuck at GND due to stuck port clock_enable ;
; top:top1|arm:arm|datapath:dp|regfile:rf|rf~415                   ; Stuck at GND due to stuck port clock_enable ;
; top:top1|arm:arm|datapath:dp|regfile:rf|rf~63                    ; Stuck at GND due to stuck port clock_enable ;
; top:top1|arm:arm|datapath:dp|regfile:rf|rf~319                   ; Stuck at GND due to stuck port clock_enable ;
; top:top1|arm:arm|datapath:dp|regfile:rf|rf~447                   ; Stuck at GND due to stuck port clock_enable ;
; top:top1|arm:arm|datapath:dp|regfile:rf|rf~223                   ; Stuck at GND due to stuck port clock_enable ;
; top:top1|arm:arm|datapath:dp|regfile:rf|rf~351                   ; Stuck at GND due to stuck port clock_enable ;
; top:top1|arm:arm|datapath:dp|regfile:rf|rf~479                   ; Stuck at GND due to stuck port clock_enable ;
; top:top1|arm:arm|datapath:dp|regfile:rf|rf~383                   ; Stuck at GND due to stuck port clock_enable ;
; Total Number of Removed Registers = 257                          ;                                             ;
+------------------------------------------------------------------+---------------------------------------------+


+------------------------------------------------------+
; General Register Statistics                          ;
+----------------------------------------------+-------+
; Statistic                                    ; Value ;
+----------------------------------------------+-------+
; Total registers                              ; 2307  ;
; Number of registers using Synchronous Clear  ; 0     ;
; Number of registers using Synchronous Load   ; 30    ;
; Number of registers using Asynchronous Clear ; 0     ;
; Number of registers using Asynchronous Load  ; 0     ;
; Number of registers using Clock Enable       ; 2276  ;
; Number of registers using Preset             ; 0     ;
+----------------------------------------------+-------+


+--------------------------------------------------------------------------------------------------------------------------------------------------------------------------+
; Multiplexer Restructuring Statistics (Restructuring Performed)                                                                                                           ;
+--------------------+-----------+---------------+----------------------+------------------------+------------+------------------------------------------------------------+
; Multiplexer Inputs ; Bus Width ; Baseline Area ; Area if Restructured ; Saving if Restructured ; Registered ; Example Multiplexer Output                                 ;
+--------------------+-----------+---------------+----------------------+------------------------+------------+------------------------------------------------------------+
; 3:1                ; 11 bits   ; 22 LEs        ; 22 LEs               ; 0 LEs                  ; No         ; |coso|top:top1|arm:arm|datapath:dp|mux2_1:srcbmux|yOut[24] ;
; 3:1                ; 2 bits    ; 4 LEs         ; 4 LEs                ; 0 LEs                  ; No         ; |coso|top:top1|arm:arm|datapath:dp|mux2_1:srcbmux|yOut[1]  ;
; 3:1                ; 5 bits    ; 10 LEs        ; 10 LEs               ; 0 LEs                  ; No         ; |coso|top:top1|arm:arm|datapath:dp|mux2_1:srcbmux|yOut[3]  ;
; 4:1                ; 32 bits   ; 64 LEs        ; 64 LEs               ; 0 LEs                  ; No         ; |coso|top:top1|arm:arm|datapath:dp|ALU:alu|Mux3            ;
+--------------------+-----------+---------------+----------------------+------------------------+------------+------------------------------------------------------------+


+----------------------------------------------------------------------------------------------------------+
; Parameter Settings for User Entity Instance: top:top1|arm:arm|controller:c|condlogic:cl|flopenr:flagreg1 ;
+----------------+-------+---------------------------------------------------------------------------------+
; Parameter Name ; Value ; Type                                                                            ;
+----------------+-------+---------------------------------------------------------------------------------+
; WIDTH          ; 2     ; Signed Integer                                                                  ;
+----------------+-------+---------------------------------------------------------------------------------+
Note: In order to hide this table in the UI and the text report file, please set the "Show Parameter Settings in Synthesis Report" option in "Analysis and Synthesis Settings -> More Settings" to "Off".


+----------------------------------------------------------------------------------------------------------+
; Parameter Settings for User Entity Instance: top:top1|arm:arm|controller:c|condlogic:cl|flopenr:flagreg0 ;
+----------------+-------+---------------------------------------------------------------------------------+
; Parameter Name ; Value ; Type                                                                            ;
+----------------+-------+---------------------------------------------------------------------------------+
; WIDTH          ; 2     ; Signed Integer                                                                  ;
+----------------+-------+---------------------------------------------------------------------------------+
Note: In order to hide this table in the UI and the text report file, please set the "Show Parameter Settings in Synthesis Report" option in "Analysis and Synthesis Settings -> More Settings" to "Off".


+----------------------------------------------------------------------------------------+
; Parameter Settings for User Entity Instance: top:top1|arm:arm|datapath:dp|mux2_1:pcmux ;
+----------------+-------+---------------------------------------------------------------+
; Parameter Name ; Value ; Type                                                          ;
+----------------+-------+---------------------------------------------------------------+
; N              ; 32    ; Signed Integer                                                ;
+----------------+-------+---------------------------------------------------------------+
Note: In order to hide this table in the UI and the text report file, please set the "Show Parameter Settings in Synthesis Report" option in "Analysis and Synthesis Settings -> More Settings" to "Off".


+---------------------------------------------------------------------------------------+
; Parameter Settings for User Entity Instance: top:top1|arm:arm|datapath:dp|flopr:pcreg ;
+----------------+-------+--------------------------------------------------------------+
; Parameter Name ; Value ; Type                                                         ;
+----------------+-------+--------------------------------------------------------------+
; WIDTH          ; 32    ; Signed Integer                                               ;
+----------------+-------+--------------------------------------------------------------+
Note: In order to hide this table in the UI and the text report file, please set the "Show Parameter Settings in Synthesis Report" option in "Analysis and Synthesis Settings -> More Settings" to "Off".


+----------------------------------------------------------------------------------------+
; Parameter Settings for User Entity Instance: top:top1|arm:arm|datapath:dp|adder:pcadd1 ;
+----------------+-------+---------------------------------------------------------------+
; Parameter Name ; Value ; Type                                                          ;
+----------------+-------+---------------------------------------------------------------+
; N              ; 32    ; Signed Integer                                                ;
+----------------+-------+---------------------------------------------------------------+
Note: In order to hide this table in the UI and the text report file, please set the "Show Parameter Settings in Synthesis Report" option in "Analysis and Synthesis Settings -> More Settings" to "Off".


+----------------------------------------------------------------------------------------+
; Parameter Settings for User Entity Instance: top:top1|arm:arm|datapath:dp|adder:pcadd2 ;
+----------------+-------+---------------------------------------------------------------+
; Parameter Name ; Value ; Type                                                          ;
+----------------+-------+---------------------------------------------------------------+
; N              ; 32    ; Signed Integer                                                ;
+----------------+-------+---------------------------------------------------------------+
Note: In order to hide this table in the UI and the text report file, please set the "Show Parameter Settings in Synthesis Report" option in "Analysis and Synthesis Settings -> More Settings" to "Off".


+-----------------------------------------------------------------------------------------+
; Parameter Settings for User Entity Instance: top:top1|arm:arm|datapath:dp|mux2_1:ra1mux ;
+----------------+-------+----------------------------------------------------------------+
; Parameter Name ; Value ; Type                                                           ;
+----------------+-------+----------------------------------------------------------------+
; N              ; 4     ; Signed Integer                                                 ;
+----------------+-------+----------------------------------------------------------------+
Note: In order to hide this table in the UI and the text report file, please set the "Show Parameter Settings in Synthesis Report" option in "Analysis and Synthesis Settings -> More Settings" to "Off".


+-----------------------------------------------------------------------------------------+
; Parameter Settings for User Entity Instance: top:top1|arm:arm|datapath:dp|mux2_1:ra2mux ;
+----------------+-------+----------------------------------------------------------------+
; Parameter Name ; Value ; Type                                                           ;
+----------------+-------+----------------------------------------------------------------+
; N              ; 4     ; Signed Integer                                                 ;
+----------------+-------+----------------------------------------------------------------+
Note: In order to hide this table in the UI and the text report file, please set the "Show Parameter Settings in Synthesis Report" option in "Analysis and Synthesis Settings -> More Settings" to "Off".


+-----------------------------------------------------------------------------------------+
; Parameter Settings for User Entity Instance: top:top1|arm:arm|datapath:dp|mux2_1:resmux ;
+----------------+-------+----------------------------------------------------------------+
; Parameter Name ; Value ; Type                                                           ;
+----------------+-------+----------------------------------------------------------------+
; N              ; 32    ; Signed Integer                                                 ;
+----------------+-------+----------------------------------------------------------------+
Note: In order to hide this table in the UI and the text report file, please set the "Show Parameter Settings in Synthesis Report" option in "Analysis and Synthesis Settings -> More Settings" to "Off".


+------------------------------------------------------------------------------------------+
; Parameter Settings for User Entity Instance: top:top1|arm:arm|datapath:dp|mux2_1:srcbmux ;
+----------------+-------+-----------------------------------------------------------------+
; Parameter Name ; Value ; Type                                                            ;
+----------------+-------+-----------------------------------------------------------------+
; N              ; 32    ; Signed Integer                                                  ;
+----------------+-------+-----------------------------------------------------------------+
Note: In order to hide this table in the UI and the text report file, please set the "Show Parameter Settings in Synthesis Report" option in "Analysis and Synthesis Settings -> More Settings" to "Off".


+------------------------------------------------------------------------+
; Port Connectivity Checks: "top:top1|arm:arm|datapath:dp|mux2_1:ra1mux" ;
+------+-------+----------+----------------------------------------------+
; Port ; Type  ; Severity ; Details                                      ;
+------+-------+----------+----------------------------------------------+
; b    ; Input ; Info     ; Stuck at VCC                                 ;
+------+-------+----------+----------------------------------------------+


+-----------------------------------------------------------------------+
; Port Connectivity Checks: "top:top1|arm:arm|datapath:dp|adder:pcadd2" ;
+----------+-------+----------+-----------------------------------------+
; Port     ; Type  ; Severity ; Details                                 ;
+----------+-------+----------+-----------------------------------------+
; b[31..3] ; Input ; Info     ; Stuck at GND                            ;
; b[1..0]  ; Input ; Info     ; Stuck at GND                            ;
; b[2]     ; Input ; Info     ; Stuck at VCC                            ;
+----------+-------+----------+-----------------------------------------+


+-----------------------------------------------------------------------+
; Port Connectivity Checks: "top:top1|arm:arm|datapath:dp|adder:pcadd1" ;
+----------+-------+----------+-----------------------------------------+
; Port     ; Type  ; Severity ; Details                                 ;
+----------+-------+----------+-----------------------------------------+
; b[31..3] ; Input ; Info     ; Stuck at GND                            ;
; b[1..0]  ; Input ; Info     ; Stuck at GND                            ;
; b[2]     ; Input ; Info     ; Stuck at VCC                            ;
+----------+-------+----------+-----------------------------------------+


+--------------------------------------------------------------------------------------------------------------------------+
; Port Connectivity Checks: "top:top1"                                                                                     ;
+----------------+--------+----------+-------------------------------------------------------------------------------------+
; Port           ; Type   ; Severity ; Details                                                                             ;
+----------------+--------+----------+-------------------------------------------------------------------------------------+
; DataAdr[31..4] ; Output ; Info     ; Connected to dangling logic. Logic that only feeds a dangling port will be removed. ;
; Instr          ; Output ; Info     ; Connected to dangling logic. Logic that only feeds a dangling port will be removed. ;
; PC             ; Output ; Info     ; Connected to dangling logic. Logic that only feeds a dangling port will be removed. ;
; PCNext         ; Output ; Info     ; Connected to dangling logic. Logic that only feeds a dangling port will be removed. ;
; MemWrite       ; Output ; Info     ; Connected to dangling logic. Logic that only feeds a dangling port will be removed. ;
+----------------+--------+----------+-------------------------------------------------------------------------------------+


+-----------------------------------------------------+
; Post-Synthesis Netlist Statistics for Top Partition ;
+-----------------------+-----------------------------+
; Type                  ; Count                       ;
+-----------------------+-----------------------------+
; arriav_ff             ; 2307                        ;
;     ENA               ; 2276                        ;
;     SLD               ; 30                          ;
;     plain             ; 1                           ;
; arriav_lcell_comb     ; 1434                        ;
;     arith             ; 93                          ;
;         1 data inputs ; 60                          ;
;         4 data inputs ; 1                           ;
;         5 data inputs ; 32                          ;
;     extend            ; 16                          ;
;         7 data inputs ; 16                          ;
;     normal            ; 1325                        ;
;         1 data inputs ; 1                           ;
;         2 data inputs ; 71                          ;
;         3 data inputs ; 89                          ;
;         4 data inputs ; 169                         ;
;         5 data inputs ; 154                         ;
;         6 data inputs ; 841                         ;
; boundary_port         ; 41                          ;
;                       ;                             ;
; Max LUT depth         ; 11.60                       ;
; Average LUT depth     ; 6.71                        ;
+-----------------------+-----------------------------+


+-------------------------------+
; Elapsed Time Per Partition    ;
+----------------+--------------+
; Partition Name ; Elapsed Time ;
+----------------+--------------+
; Top            ; 00:00:05     ;
+----------------+--------------+


+-------------------------------+
; Analysis & Synthesis Messages ;
+-------------------------------+
Info: *******************************************************************
Info: Running Quartus Prime Analysis & Synthesis
    Info: Version 18.1.0 Build 625 09/12/2018 SJ Lite Edition
    Info: Processing started: Thu Nov 21 18:22:21 2019
Info: Command: quartus_map --read_settings_files=on --write_settings_files=off CPU -c CPU
Warning (18236): Number of processors has not been specified which may cause overloading on shared machines.  Set the global assignment NUM_PARALLEL_PROCESSORS in your QSF to an appropriate value for best performance.
Info (20030): Parallel compilation is enabled and will use 4 of the 4 processors detected
Info (12021): Found 1 design units, including 1 entities, in source file arm.sv
    Info (12023): Found entity 1: arm File: C:/Users/bryan/Desktop/CPU/CPU/arm.sv Line: 1
Info (12021): Found 1 design units, including 1 entities, in source file condcheck.sv
    Info (12023): Found entity 1: condcheck File: C:/Users/bryan/Desktop/CPU/CPU/condcheck.sv Line: 1
Info (12021): Found 1 design units, including 1 entities, in source file condlogic.sv
    Info (12023): Found entity 1: condlogic File: C:/Users/bryan/Desktop/CPU/CPU/condlogic.sv Line: 1
Info (12021): Found 1 design units, including 1 entities, in source file controller.sv
    Info (12023): Found entity 1: controller File: C:/Users/bryan/Desktop/CPU/CPU/controller.sv Line: 1
Info (12021): Found 1 design units, including 1 entities, in source file dmem.sv
    Info (12023): Found entity 1: dmem File: C:/Users/bryan/Desktop/CPU/CPU/dmem.sv Line: 1
Info (12021): Found 1 design units, including 1 entities, in source file decoder.sv
    Info (12023): Found entity 1: decoder File: C:/Users/bryan/Desktop/CPU/CPU/decoder.sv Line: 1
Info (12021): Found 1 design units, including 1 entities, in source file datapath.sv
    Info (12023): Found entity 1: datapath File: C:/Users/bryan/Desktop/CPU/CPU/datapath.sv Line: 1
Info (12021): Found 1 design units, including 1 entities, in source file flopr.sv
    Info (12023): Found entity 1: flopr File: C:/Users/bryan/Desktop/CPU/CPU/flopr.sv Line: 1
Info (12021): Found 1 design units, including 1 entities, in source file flopenr.sv
    Info (12023): Found entity 1: flopenr File: C:/Users/bryan/Desktop/CPU/CPU/flopenr.sv Line: 1
Info (12021): Found 1 design units, including 1 entities, in source file extend.sv
    Info (12023): Found entity 1: extend File: C:/Users/bryan/Desktop/CPU/CPU/extend.sv Line: 1
Info (12021): Found 1 design units, including 1 entities, in source file imem.sv
    Info (12023): Found entity 1: imem File: C:/Users/bryan/Desktop/CPU/CPU/imem.sv Line: 1
Info (12021): Found 1 design units, including 1 entities, in source file regfile.sv
    Info (12023): Found entity 1: regfile File: C:/Users/bryan/Desktop/CPU/CPU/regfile.sv Line: 1
Info (12021): Found 1 design units, including 1 entities, in source file top.sv
    Info (12023): Found entity 1: top File: C:/Users/bryan/Desktop/CPU/CPU/top.sv Line: 1
Info (12021): Found 1 design units, including 1 entities, in source file adder.sv
    Info (12023): Found entity 1: adder File: C:/Users/bryan/Desktop/CPU/CPU/adder.sv Line: 1
Info (12021): Found 1 design units, including 1 entities, in source file alu.sv
    Info (12023): Found entity 1: ALU File: C:/Users/bryan/Desktop/CPU/CPU/alu.sv Line: 1
Info (12021): Found 1 design units, including 1 entities, in source file mux2_1.sv
    Info (12023): Found entity 1: mux2_1 File: C:/Users/bryan/Desktop/CPU/CPU/mux2_1.sv Line: 1
Info (12021): Found 1 design units, including 1 entities, in source file mux4_1.sv
    Info (12023): Found entity 1: mux4_1 File: C:/Users/bryan/Desktop/CPU/CPU/mux4_1.sv Line: 1
Info (12021): Found 1 design units, including 1 entities, in source file mux16_1.sv
    Info (12023): Found entity 1: mux16_1 File: C:/Users/bryan/Desktop/CPU/CPU/mux16_1.sv Line: 1
Info (12021): Found 1 design units, including 1 entities, in source file mux8_1.sv
    Info (12023): Found entity 1: mux8_1 File: C:/Users/bryan/Desktop/CPU/CPU/mux8_1.sv Line: 1
Info (12021): Found 1 design units, including 1 entities, in source file imemtb.sv
    Info (12023): Found entity 1: imemtb File: C:/Users/bryan/Desktop/CPU/CPU/imemtb.sv Line: 1
Info (12021): Found 1 design units, including 1 entities, in source file testbenchcpu.sv
    Info (12023): Found entity 1: testbenchCPU File: C:/Users/bryan/Desktop/CPU/CPU/testbenchCPU.sv Line: 3
Info (12021): Found 1 design units, including 1 entities, in source file seven_segments.sv
    Info (12023): Found entity 1: seven_segments File: C:/Users/bryan/Desktop/CPU/CPU/seven_segments.sv Line: 1
Info (12021): Found 1 design units, including 1 entities, in source file coso.sv
    Info (12023): Found entity 1: coso File: C:/Users/bryan/Desktop/CPU/CPU/coso.sv Line: 1
Warning (10236): Verilog HDL Implicit Net warning at coso.sv(6): created implicit net for "reset" File: C:/Users/bryan/Desktop/CPU/CPU/coso.sv Line: 6
Info (12127): Elaborating entity "coso" for the top level hierarchy
Warning (10036): Verilog HDL or VHDL warning at coso.sv(4): object "test" assigned a value but never read File: C:/Users/bryan/Desktop/CPU/CPU/coso.sv Line: 4
Info (12128): Elaborating entity "top" for hierarchy "top:top1" File: C:/Users/bryan/Desktop/CPU/CPU/coso.sv Line: 6
Info (12128): Elaborating entity "arm" for hierarchy "top:top1|arm:arm" File: C:/Users/bryan/Desktop/CPU/CPU/top.sv Line: 8
Info (12128): Elaborating entity "controller" for hierarchy "top:top1|arm:arm|controller:c" File: C:/Users/bryan/Desktop/CPU/CPU/arm.sv Line: 17
Info (12128): Elaborating entity "decoder" for hierarchy "top:top1|arm:arm|controller:c|decoder:dec" File: C:/Users/bryan/Desktop/CPU/CPU/controller.sv Line: 16
Info (12128): Elaborating entity "condlogic" for hierarchy "top:top1|arm:arm|controller:c|condlogic:cl" File: C:/Users/bryan/Desktop/CPU/CPU/controller.sv Line: 20
Info (12128): Elaborating entity "flopenr" for hierarchy "top:top1|arm:arm|controller:c|condlogic:cl|flopenr:flagreg1" File: C:/Users/bryan/Desktop/CPU/CPU/condlogic.sv Line: 13
Info (12128): Elaborating entity "condcheck" for hierarchy "top:top1|arm:arm|controller:c|condlogic:cl|condcheck:cc" File: C:/Users/bryan/Desktop/CPU/CPU/condlogic.sv Line: 18
Info (12128): Elaborating entity "datapath" for hierarchy "top:top1|arm:arm|datapath:dp" File: C:/Users/bryan/Desktop/CPU/CPU/arm.sv Line: 24
Info (12128): Elaborating entity "mux2_1" for hierarchy "top:top1|arm:arm|datapath:dp|mux2_1:pcmux" File: C:/Users/bryan/Desktop/CPU/CPU/datapath.sv Line: 23
Info (12128): Elaborating entity "flopr" for hierarchy "top:top1|arm:arm|datapath:dp|flopr:pcreg" File: C:/Users/bryan/Desktop/CPU/CPU/datapath.sv Line: 24
Info (12128): Elaborating entity "adder" for hierarchy "top:top1|arm:arm|datapath:dp|adder:pcadd1" File: C:/Users/bryan/Desktop/CPU/CPU/datapath.sv Line: 25
Info (12128): Elaborating entity "mux2_1" for hierarchy "top:top1|arm:arm|datapath:dp|mux2_1:ra1mux" File: C:/Users/bryan/Desktop/CPU/CPU/datapath.sv Line: 28
Info (12128): Elaborating entity "regfile" for hierarchy "top:top1|arm:arm|datapath:dp|regfile:rf" File: C:/Users/bryan/Desktop/CPU/CPU/datapath.sv Line: 32
Info (12128): Elaborating entity "extend" for hierarchy "top:top1|arm:arm|datapath:dp|extend:ext" File: C:/Users/bryan/Desktop/CPU/CPU/datapath.sv Line: 34
Info (12128): Elaborating entity "ALU" for hierarchy "top:top1|arm:arm|datapath:dp|ALU:alu" File: C:/Users/bryan/Desktop/CPU/CPU/datapath.sv Line: 37
Info (12128): Elaborating entity "imemtb" for hierarchy "top:top1|imemtb:imem" File: C:/Users/bryan/Desktop/CPU/CPU/top.sv Line: 10
Warning (10850): Verilog HDL warning at imemtb.sv(7): number of words (23) in memory file does not match the number of elements in the address range [0:63] File: C:/Users/bryan/Desktop/CPU/CPU/imemtb.sv Line: 7
Warning (10030): Net "RAM.data_a" at imemtb.sv(4) has no driver or initial value, using a default initial value '0' File: C:/Users/bryan/Desktop/CPU/CPU/imemtb.sv Line: 4
Warning (10030): Net "RAM.waddr_a" at imemtb.sv(4) has no driver or initial value, using a default initial value '0' File: C:/Users/bryan/Desktop/CPU/CPU/imemtb.sv Line: 4
Warning (10030): Net "RAM.we_a" at imemtb.sv(4) has no driver or initial value, using a default initial value '0' File: C:/Users/bryan/Desktop/CPU/CPU/imemtb.sv Line: 4
Info (12128): Elaborating entity "dmem" for hierarchy "top:top1|dmem:dmem" File: C:/Users/bryan/Desktop/CPU/CPU/top.sv Line: 12
Info (12128): Elaborating entity "seven_segments" for hierarchy "seven_segments:seven" File: C:/Users/bryan/Desktop/CPU/CPU/coso.sv Line: 17
Info (276014): Found 3 instances of uninferred RAM logic
    Info (276007): RAM logic "top:top1|dmem:dmem|RAM" is uninferred due to asynchronous read logic File: C:/Users/bryan/Desktop/CPU/CPU/dmem.sv Line: 5
    Info (276004): RAM logic "top:top1|imemtb:imem|RAM" is uninferred due to inappropriate RAM size File: C:/Users/bryan/Desktop/CPU/CPU/imemtb.sv Line: 4
    Info (276007): RAM logic "top:top1|arm:arm|datapath:dp|regfile:rf|rf" is uninferred due to asynchronous read logic File: C:/Users/bryan/Desktop/CPU/CPU/regfile.sv Line: 7
Warning (127007): Memory Initialization File or Hexadecimal (Intel-Format) File "C:/Users/bryan/Desktop/CPU/CPU/db/CPU.ram0_imemtb_e0dfa940.hdl.mif" contains "don't care" values -- overwriting them with 0s
Info (286030): Timing-Driven Synthesis is running
Info (17049): 1 registers lost all their fanouts during netlist optimizations.
Info (144001): Generated suppressed messages file C:/Users/bryan/Desktop/CPU/CPU/output_files/CPU.map.smsg
Info (16010): Generating hard_block partition "hard_block:auto_generated_inst"
    Info (16011): Adding 0 node(s), including 0 DDIO, 0 PLL, 0 transceiver and 0 LCELL
Warning (21074): Design contains 1 input pin(s) that do not drive logic
    Warning (15610): No output dependent on input pin "rst" File: C:/Users/bryan/Desktop/CPU/CPU/coso.sv Line: 1
Info (21057): Implemented 3779 device resources after synthesis - the final resource count might be different
    Info (21058): Implemented 2 input pins
    Info (21059): Implemented 39 output pins
    Info (21061): Implemented 3738 logic cells
Info: Quartus Prime Analysis & Synthesis was successful. 0 errors, 10 warnings
    Info: Peak virtual memory: 4860 megabytes
    Info: Processing ended: Thu Nov 21 18:22:39 2019
    Info: Elapsed time: 00:00:18
    Info: Total CPU time (on all processors): 00:00:30


+------------------------------------------+
; Analysis & Synthesis Suppressed Messages ;
+------------------------------------------+
The suppressed messages can be found in C:/Users/bryan/Desktop/CPU/CPU/output_files/CPU.map.smsg.


